-- Catapult University Version: Report                                              
-- ---------------------------- ---------------------------------------------------
-- Version:                     2011a.200 Production Release                        
-- Build Date:                  Mon Jun  2 22:10:04 PDT 2014                        
                                                                                    
-- Generated by:                xph3sle512@cimeld21                                 
-- Generated date:              Wed Feb 01 12:32:12 CET 2017                        

Solution Settings: Main_Comp_Decomp_tot::Main_Fonction.v1
  Current state: schedule
  Project: Catapult
  
  Design Input Files Specified
    $PROJECT_HOME/../Rendu/src/CPP_for_Catapult/comp_decomp_tot/Compressor.h
      $PROJECT_HOME/../Rendu/src/CPP_for_Catapult/comp_decomp_tot/model.h
        $PROJECT_HOME/../Rendu/src/CPP_for_Catapult/comp_decomp_tot/globals.h
        /softslin/catapult2011a_200_12/Mgc_home/shared/include/ac_int.h
      $PROJECT_HOME/../Rendu/src/CPP_for_Catapult/comp_decomp_tot/Exchange.h
    $PROJECT_HOME/../Rendu/src/CPP_for_Catapult/comp_decomp_tot/globals.h
    $PROJECT_HOME/../Rendu/src/CPP_for_Catapult/comp_decomp_tot/Main_Trans_Ond.cpp
      $PROJECT_HOME/../Rendu/src/CPP_for_Catapult/comp_decomp_tot/Main_Trans_Ond.h
        /softslin/catapult2011a_200_12/Mgc_home/shared/include/ac_int.h
    $PROJECT_HOME/../Rendu/src/CPP_for_Catapult/comp_decomp_tot/Decompressor.cpp
      $PROJECT_HOME/../Rendu/src/CPP_for_Catapult/comp_decomp_tot/Decompressor.h
        $PROJECT_HOME/../Rendu/src/CPP_for_Catapult/comp_decomp_tot/Exchange.h
          /softslin/catapult2011a_200_12/Mgc_home/shared/include/ac_int.h
          $PROJECT_HOME/../Rendu/src/CPP_for_Catapult/comp_decomp_tot/globals.h
        $PROJECT_HOME/../Rendu/src/CPP_for_Catapult/comp_decomp_tot/model.h
    $PROJECT_HOME/../Rendu/src/CPP_for_Catapult/comp_decomp_tot/Main_Comp_Decomp_tot.cpp
      $PROJECT_HOME/../Rendu/src/CPP_for_Catapult/comp_decomp_tot/Main_Comp_Decomp_tot.h
        $PROJECT_HOME/../Rendu/src/CPP_for_Catapult/comp_decomp_tot/Main_Cod_Entropique.h
          /softslin/catapult2011a_200_12/Mgc_home/shared/include/ac_int.h
          $PROJECT_HOME/../Rendu/src/CPP_for_Catapult/comp_decomp_tot/model.h
            $PROJECT_HOME/../Rendu/src/CPP_for_Catapult/comp_decomp_tot/globals.h
          $PROJECT_HOME/../Rendu/src/CPP_for_Catapult/comp_decomp_tot/Compressor.h
            $PROJECT_HOME/../Rendu/src/CPP_for_Catapult/comp_decomp_tot/Exchange.h
        $PROJECT_HOME/../Rendu/src/CPP_for_Catapult/comp_decomp_tot/Main_Trans_Ond.h
        $PROJECT_HOME/../Rendu/src/CPP_for_Catapult/comp_decomp_tot/Main_Decomp.h
          $PROJECT_HOME/../Rendu/src/CPP_for_Catapult/comp_decomp_tot/Decompressor.h
        $PROJECT_HOME/../Rendu/src/CPP_for_Catapult/comp_decomp_tot/Main_Inv_Wave.h
    $PROJECT_HOME/../Rendu/src/CPP_for_Catapult/comp_decomp_tot/Main_Inv_Wave.h
      $PROJECT_HOME/../Rendu/src/CPP_for_Catapult/comp_decomp_tot/globals.h
      /softslin/catapult2011a_200_12/Mgc_home/shared/include/ac_int.h
    $PROJECT_HOME/../Rendu/src/CPP_for_Catapult/comp_decomp_tot/Exchange.h
      /softslin/catapult2011a_200_12/Mgc_home/shared/include/ac_int.h
      $PROJECT_HOME/../Rendu/src/CPP_for_Catapult/comp_decomp_tot/globals.h
    $PROJECT_HOME/../Rendu/src/CPP_for_Catapult/comp_decomp_tot/Main_Inv_Wave.cpp
      $PROJECT_HOME/../Rendu/src/CPP_for_Catapult/comp_decomp_tot/Main_Inv_Wave.h
        $PROJECT_HOME/../Rendu/src/CPP_for_Catapult/comp_decomp_tot/globals.h
        /softslin/catapult2011a_200_12/Mgc_home/shared/include/ac_int.h
    $PROJECT_HOME/../Rendu/src/CPP_for_Catapult/comp_decomp_tot/Decompressor.h
      $PROJECT_HOME/../Rendu/src/CPP_for_Catapult/comp_decomp_tot/Exchange.h
        /softslin/catapult2011a_200_12/Mgc_home/shared/include/ac_int.h
        $PROJECT_HOME/../Rendu/src/CPP_for_Catapult/comp_decomp_tot/globals.h
      $PROJECT_HOME/../Rendu/src/CPP_for_Catapult/comp_decomp_tot/model.h
    $PROJECT_HOME/../Rendu/src/CPP_for_Catapult/comp_decomp_tot/Main_Cod_Entropique.h
      /softslin/catapult2011a_200_12/Mgc_home/shared/include/ac_int.h
      $PROJECT_HOME/../Rendu/src/CPP_for_Catapult/comp_decomp_tot/model.h
        $PROJECT_HOME/../Rendu/src/CPP_for_Catapult/comp_decomp_tot/globals.h
      $PROJECT_HOME/../Rendu/src/CPP_for_Catapult/comp_decomp_tot/Compressor.h
        $PROJECT_HOME/../Rendu/src/CPP_for_Catapult/comp_decomp_tot/Exchange.h
    $PROJECT_HOME/../Rendu/src/CPP_for_Catapult/comp_decomp_tot/Exchange.cpp
      $PROJECT_HOME/../Rendu/src/CPP_for_Catapult/comp_decomp_tot/Exchange.h
        /softslin/catapult2011a_200_12/Mgc_home/shared/include/ac_int.h
        $PROJECT_HOME/../Rendu/src/CPP_for_Catapult/comp_decomp_tot/globals.h
    $PROJECT_HOME/../Rendu/src/CPP_for_Catapult/comp_decomp_tot/Main_Decomp.h
      /softslin/catapult2011a_200_12/Mgc_home/shared/include/ac_int.h
      $PROJECT_HOME/../Rendu/src/CPP_for_Catapult/comp_decomp_tot/model.h
        $PROJECT_HOME/../Rendu/src/CPP_for_Catapult/comp_decomp_tot/globals.h
      $PROJECT_HOME/../Rendu/src/CPP_for_Catapult/comp_decomp_tot/Decompressor.h
        $PROJECT_HOME/../Rendu/src/CPP_for_Catapult/comp_decomp_tot/Exchange.h
    $PROJECT_HOME/../Rendu/src/CPP_for_Catapult/comp_decomp_tot/model.cpp
      $PROJECT_HOME/../Rendu/src/CPP_for_Catapult/comp_decomp_tot/model.h
        $PROJECT_HOME/../Rendu/src/CPP_for_Catapult/comp_decomp_tot/globals.h
        /softslin/catapult2011a_200_12/Mgc_home/shared/include/ac_int.h
    $PROJECT_HOME/../Rendu/src/CPP_for_Catapult/comp_decomp_tot/Main_Cod_Entropique.cpp
      $PROJECT_HOME/../Rendu/src/CPP_for_Catapult/comp_decomp_tot/Main_Cod_Entropique.h
        /softslin/catapult2011a_200_12/Mgc_home/shared/include/ac_int.h
        $PROJECT_HOME/../Rendu/src/CPP_for_Catapult/comp_decomp_tot/model.h
          $PROJECT_HOME/../Rendu/src/CPP_for_Catapult/comp_decomp_tot/globals.h
        $PROJECT_HOME/../Rendu/src/CPP_for_Catapult/comp_decomp_tot/Compressor.h
          $PROJECT_HOME/../Rendu/src/CPP_for_Catapult/comp_decomp_tot/Exchange.h
    $PROJECT_HOME/../Rendu/src/CPP_for_Catapult/comp_decomp_tot/Main_Decomp.cpp
      $PROJECT_HOME/../Rendu/src/CPP_for_Catapult/comp_decomp_tot/Main_Decomp.h
        /softslin/catapult2011a_200_12/Mgc_home/shared/include/ac_int.h
        $PROJECT_HOME/../Rendu/src/CPP_for_Catapult/comp_decomp_tot/model.h
          $PROJECT_HOME/../Rendu/src/CPP_for_Catapult/comp_decomp_tot/globals.h
        $PROJECT_HOME/../Rendu/src/CPP_for_Catapult/comp_decomp_tot/Decompressor.h
          $PROJECT_HOME/../Rendu/src/CPP_for_Catapult/comp_decomp_tot/Exchange.h
    $PROJECT_HOME/../Rendu/src/CPP_for_Catapult/comp_decomp_tot/Compressor.cpp
      $PROJECT_HOME/../Rendu/src/CPP_for_Catapult/comp_decomp_tot/Compressor.h
        $PROJECT_HOME/../Rendu/src/CPP_for_Catapult/comp_decomp_tot/model.h
          $PROJECT_HOME/../Rendu/src/CPP_for_Catapult/comp_decomp_tot/globals.h
          /softslin/catapult2011a_200_12/Mgc_home/shared/include/ac_int.h
        $PROJECT_HOME/../Rendu/src/CPP_for_Catapult/comp_decomp_tot/Exchange.h
    $PROJECT_HOME/../Rendu/src/CPP_for_Catapult/comp_decomp_tot/Main_Trans_Ond.h
      /softslin/catapult2011a_200_12/Mgc_home/shared/include/ac_int.h
    $PROJECT_HOME/../Rendu/src/CPP_for_Catapult/comp_decomp_tot/Main_Comp_Decomp_tot.h
      $PROJECT_HOME/../Rendu/src/CPP_for_Catapult/comp_decomp_tot/Main_Cod_Entropique.h
        /softslin/catapult2011a_200_12/Mgc_home/shared/include/ac_int.h
        $PROJECT_HOME/../Rendu/src/CPP_for_Catapult/comp_decomp_tot/model.h
          $PROJECT_HOME/../Rendu/src/CPP_for_Catapult/comp_decomp_tot/globals.h
        $PROJECT_HOME/../Rendu/src/CPP_for_Catapult/comp_decomp_tot/Compressor.h
          $PROJECT_HOME/../Rendu/src/CPP_for_Catapult/comp_decomp_tot/Exchange.h
      $PROJECT_HOME/../Rendu/src/CPP_for_Catapult/comp_decomp_tot/Main_Trans_Ond.h
      $PROJECT_HOME/../Rendu/src/CPP_for_Catapult/comp_decomp_tot/Main_Decomp.h
        $PROJECT_HOME/../Rendu/src/CPP_for_Catapult/comp_decomp_tot/Decompressor.h
      $PROJECT_HOME/../Rendu/src/CPP_for_Catapult/comp_decomp_tot/Main_Inv_Wave.h
    $PROJECT_HOME/../Rendu/src/CPP_for_Catapult/comp_decomp_tot/model.h
      $PROJECT_HOME/../Rendu/src/CPP_for_Catapult/comp_decomp_tot/globals.h
      /softslin/catapult2011a_200_12/Mgc_home/shared/include/ac_int.h
  
  Processes/Blocks in Design
    Process                                   Real Operation(s) count   Latency Throughput Reset Length II Comments 
    ----------------------------------------- ----------------------- --------- ---------- ------------ -- --------
    /Main_Comp_Decomp_tot::Main_Fonction/core                    1022 122782812  122782818            0  0          
    Design Total:                                                1022 122782812  122782818            0  0          
    
  Clock Information
    Clock Signal Edge   Period Sharing Alloc (%) Uncertainty Used by Processes/Blocks                  
    ------------ ------ ------ ----------------- ----------- -----------------------------------------
    clk          rising 41.667             20.00    0.000000 /Main_Comp_Decomp_tot::Main_Fonction/core 
    
  I/O Data Ranges
    Port                                                 Mode DeclType DeclWidth DeclRange ActType ActWidth ActRange 
    ---------------------------------------------------- ---- -------- --------- --------- ------- -------- --------
    start                                                IN   Unsigned         1                                     
    nblevels:rsc.z                                       IN   Unsigned         4                                     
    change_mode:rsc.z                                    IN   Unsigned         4                                     
    clk                                                  IN   Unsigned         1                                     
    rst                                                  IN   Unsigned         1                                     
    Src:rsc:singleport.data_out                          IN   Unsigned         8                                     
    Comp:rsc:singleport.data_out                         IN   Unsigned         8                                     
    Vga:rsc:singleport.data_out                          IN   Unsigned         8                                     
    done                                                 OUT  Unsigned         1                                     
    nblevels.triosy.lz                                   OUT  Unsigned         1                                     
    change_mode.triosy.lz                                OUT  Unsigned         1                                     
    Src.triosy.lz                                        OUT  Unsigned         1                                     
    Vga.triosy.lz                                        OUT  Unsigned         1                                     
    Comp.triosy.lz                                       OUT  Unsigned         1                                     
    Main_Comp_Decomp_tot::Main_Fonction.return.triosy.lz OUT  Unsigned         1                                     
    Src:rsc:singleport.data_in                           OUT  Unsigned         8                                     
    Src:rsc:singleport.addr                              OUT  Unsigned        17                                     
    Src:rsc:singleport.re                                OUT  Unsigned         1                                     
    Src:rsc:singleport.we                                OUT  Unsigned         1                                     
    Comp:rsc:singleport.data_in                          OUT  Unsigned         8                                     
    Comp:rsc:singleport.addr                             OUT  Unsigned        17                                     
    Comp:rsc:singleport.re                               OUT  Unsigned         1                                     
    Comp:rsc:singleport.we                               OUT  Unsigned         1                                     
    Vga:rsc:singleport.data_in                           OUT  Unsigned         8                                     
    Vga:rsc:singleport.addr                              OUT  Unsigned        17                                     
    Vga:rsc:singleport.re                                OUT  Unsigned         1                                     
    Vga:rsc:singleport.we                                OUT  Unsigned         1                                     
    
  Memory Resources
    Resource Name: /Main_Comp_Decomp_tot::Main_Fonction/Src:rsc
      Memory Component: singleport                   Size:         76800 x 8
      External:         true                         Packing Mode: absolute
      Memory Map:
      Variable                                 Indices Phys Memory Address         
      ---------------------------------------- ------- ---------------------------
      /Main_Comp_Decomp_tot::Main_Fonction/Src     0:7 00012bff-00000000 (76799-0) 
      
    Resource Name: /Main_Comp_Decomp_tot::Main_Fonction/Comp:rsc
      Memory Component: singleport                   Size:         76800 x 8
      External:         true                         Packing Mode: absolute
      Memory Map:
      Variable                                  Indices Phys Memory Address         
      ----------------------------------------- ------- ---------------------------
      /Main_Comp_Decomp_tot::Main_Fonction/Comp     0:7 00012bff-00000000 (76799-0) 
      
    Resource Name: /Main_Comp_Decomp_tot::Main_Fonction/Decomp:rsc
      Memory Component: mgc_in_wire                  Size:         1 x 614400
      External:         true                         Packing Mode: sidebyside
      Memory Map:
      Variable                                     Indices Phys Memory Address     
      ------------------------------------------- -------- -----------------------
      /Main_Comp_Decomp_tot::Main_Fonction/Decomp 0:614399 00000000-00000000 (0-0) 
      
    Resource Name: /Main_Comp_Decomp_tot::Main_Fonction/Vga:rsc
      Memory Component: singleport                   Size:         76800 x 8
      External:         true                         Packing Mode: absolute
      Memory Map:
      Variable                                 Indices Phys Memory Address         
      ---------------------------------------- ------- ---------------------------
      /Main_Comp_Decomp_tot::Main_Fonction/Vga     0:7 00012bff-00000000 (76799-0) 
      
    Resource Name: /Main_Comp_Decomp_tot::Main_Fonction/nblevels:rsc
      Memory Component: mgc_in_wire                  Size:         1 x 4
      External:         true                         Packing Mode: sidebyside
      Memory Map:
      Variable                                      Indices Phys Memory Address     
      --------------------------------------------- ------- -----------------------
      /Main_Comp_Decomp_tot::Main_Fonction/nblevels     0:3 00000000-00000000 (0-0) 
      
    Resource Name: /Main_Comp_Decomp_tot::Main_Fonction/change_mode:rsc
      Memory Component: mgc_in_wire                  Size:         1 x 4
      External:         true                         Packing Mode: sidebyside
      Memory Map:
      Variable                                         Indices Phys Memory Address     
      ------------------------------------------------ ------- -----------------------
      /Main_Comp_Decomp_tot::Main_Fonction/change_mode     0:3 00000000-00000000 (0-0) 
      
    Resource Name: /Main_Comp_Decomp_tot::Main_Fonction/Main_Comp_Decomp_tot::Main_Fonction.return:rsc
      Memory Component: mgc_out_stdreg               Size:         1 x 32
      External:         true                         Packing Mode: sidebyside
      Memory Map:
      Variable                                                                        Indices Phys Memory Address     
      ------------------------------------------------------------------------------- ------- -----------------------
      /Main_Comp_Decomp_tot::Main_Fonction/Main_Comp_Decomp_tot::Main_Fonction.return    0:31 00000000-00000000 (0-0) 
      
    Resource Name: /Main_Comp_Decomp_tot::Main_Fonction/core/cod_entropique.Mn_Fonction:cmodel.cumulative_frequency:rsc
      Memory Component: singleport                   Size:         258 x 32
      External:         false                        Packing Mode: absolute
      Memory Map:
      Variable                                                                                         Indices Phys Memory Address       
      ------------------------------------------------------------------------------------------------ ------- -------------------------
      /Main_Comp_Decomp_tot::Main_Fonction/core/cod_entropique.Mn_Fonction:cmodel.cumulative_frequency    0:31 00000101-00000000 (257-0) 
      
    Resource Name: /Main_Comp_Decomp_tot::Main_Fonction/core/main_decomp.Mn_Fonction:cmodel.cumulative_frequency:rsc
      Memory Component: singleport                   Size:         258 x 32
      External:         false                        Packing Mode: absolute
      Memory Map:
      Variable                                                                                      Indices Phys Memory Address       
      --------------------------------------------------------------------------------------------- ------- -------------------------
      /Main_Comp_Decomp_tot::Main_Fonction/core/main_decomp.Mn_Fonction:cmodel.cumulative_frequency    0:31 00000101-00000000 (257-0) 
      
  Multi-Cycle (Combinational) Component Usage
    Instance Component Name Delay 
    -------- -------------- -----
    
  Loops
    Process                                   Loop                                                       Iterations C-Steps Total Cycles   Duration  Unroll Init Comments 
    ----------------------------------------- ---------------------------------------------------------- ---------- ------- ------------- ---------- ------ ---- --------
    /Main_Comp_Decomp_tot::Main_Fonction/core main                                                         Infinite       6    122782818   5.12 sec                       
    /Main_Comp_Decomp_tot::Main_Fonction/core  copy_x                                                           240       1       230640    9.61 ms                       
    /Main_Comp_Decomp_tot::Main_Fonction/core   copy_y                                                          320       3          960   40.00 us                       
    /Main_Comp_Decomp_tot::Main_Fonction/core  levels                                                           258       5    120936468   5.04 sec                       
    /Main_Comp_Decomp_tot::Main_Fonction/core   passe_x                                                         128       2       295168   12.30 ms                       
    /Main_Comp_Decomp_tot::Main_Fonction/core    passe_y                                                        256       9         2304   96.00 us                       
    /Main_Comp_Decomp_tot::Main_Fonction/core   passe_x#1                                                        64       2        73856    3.08 ms                       
    /Main_Comp_Decomp_tot::Main_Fonction/core    passe_y#1                                                      128       9         1152   48.00 us                       
    /Main_Comp_Decomp_tot::Main_Fonction/core   copy_x#1                                                        129       2        99717    4.15 ms                       
    /Main_Comp_Decomp_tot::Main_Fonction/core    copy_y#1                                                       257       3          771   32.13 us                       
    /Main_Comp_Decomp_tot::Main_Fonction/core  comp.compress:for                                              76801      11      1612821   67.20 ms                       
    /Main_Comp_Decomp_tot::Main_Fonction/core   ModelA::update:for                                                ?       3            3  125.00 ns                       
    /Main_Comp_Decomp_tot::Main_Fonction/core   comp.compress:for:for                                             ?       3            7  291.67 ns                       
    /Main_Comp_Decomp_tot::Main_Fonction/core    comp.put_bit_plus_pending:for                                    ?       2            2   83.33 ns                       
    /Main_Comp_Decomp_tot::Main_Fonction/core    comp.put_bit_plus_pending#1:for                                  ?       2            2   83.33 ns                       
    /Main_Comp_Decomp_tot::Main_Fonction/core  comp.put_bit_plus_pending#2:for                                    ?       2            2   83.33 ns                       
    /Main_Comp_Decomp_tot::Main_Fonction/core  comp.put_bit_plus_pending#3:for                                    ?       2            2   83.33 ns                       
    /Main_Comp_Decomp_tot::Main_Fonction/core  main_decomp.Mn_Fonction:cmodel.cumulative_frequency:vinit        258       2          516   21.50 us                       
    /Main_Comp_Decomp_tot::Main_Fonction/core  dec.decompress:for#1                                               ?      15         2330   97.08 us                       
    /Main_Comp_Decomp_tot::Main_Fonction/core   ModelA::getChar:for                                             257       6         2313   96.38 us                       
    /Main_Comp_Decomp_tot::Main_Fonction/core    ModelA::update#1:for                                             ?       3            3  125.00 ns                       
    /Main_Comp_Decomp_tot::Main_Fonction/core   dec.decompress:for#1:for                                          ?       2            2   83.33 ns                       
    /Main_Comp_Decomp_tot::Main_Fonction/core  main_decomp.Mn_Fonction:for                                        ?       2            2   83.33 ns                       
    /Main_Comp_Decomp_tot::Main_Fonction/core  inv_wave.Mn_Inv_Wave_Fct:for#1                                     ?       4           31    1.29 us                       
    /Main_Comp_Decomp_tot::Main_Fonction/core   hsplit_x                                                          ?       2           11  458.33 ns                       
    /Main_Comp_Decomp_tot::Main_Fonction/core    hsplit_y                                                         ?       9            9  375.00 ns                       
    /Main_Comp_Decomp_tot::Main_Fonction/core   hsplit_x#1                                                        ?       2           11  458.33 ns                       
    /Main_Comp_Decomp_tot::Main_Fonction/core    hsplit_y#1                                                       ?       9            9  375.00 ns                       
    /Main_Comp_Decomp_tot::Main_Fonction/core   copy_x#2                                                          ?       2            5  208.33 ns                       
    /Main_Comp_Decomp_tot::Main_Fonction/core    copy_y#2                                                         ?       3            3  125.00 ns                       
    
  Loop Execution Profile
    Process                                   Loop                                                       Total Cycles % of Overall Design Cycles Throughput Cycles Comments 
    ----------------------------------------- ---------------------------------------------------------- ------------ -------------------------- ----------------- --------
    /Main_Comp_Decomp_tot::Main_Fonction/core main                                                                 6                        0.00        122782818           
    /Main_Comp_Decomp_tot::Main_Fonction/core  copy_x                                                            240                        0.00           230640           
    /Main_Comp_Decomp_tot::Main_Fonction/core   copy_y                                                        230400                        0.19           230400           
    /Main_Comp_Decomp_tot::Main_Fonction/core  levels                                                           1290                        0.00        120936468           
    /Main_Comp_Decomp_tot::Main_Fonction/core   passe_x                                                        66048                        0.05         76153344           
    /Main_Comp_Decomp_tot::Main_Fonction/core    passe_y                                                    76087296                       61.97         76087296           
    /Main_Comp_Decomp_tot::Main_Fonction/core   passe_x#1                                                      33024                        0.03         19054848           
    /Main_Comp_Decomp_tot::Main_Fonction/core    passe_y#1                                                  19021824                       15.49         19021824           
    /Main_Comp_Decomp_tot::Main_Fonction/core   copy_x#1                                                       66564                        0.05         25726986           
    /Main_Comp_Decomp_tot::Main_Fonction/core    copy_y#1                                                   25660422                       20.90         25660422           
    /Main_Comp_Decomp_tot::Main_Fonction/core  comp.compress:for                                              844811                        0.69          1612821           
    /Main_Comp_Decomp_tot::Main_Fonction/core   ModelA::update:for                                            230403                        0.19           230403           
    /Main_Comp_Decomp_tot::Main_Fonction/core   comp.compress:for:for                                         230403                        0.19           537607           
    /Main_Comp_Decomp_tot::Main_Fonction/core    comp.put_bit_plus_pending:for                                153602                        0.13           153602           
    /Main_Comp_Decomp_tot::Main_Fonction/core    comp.put_bit_plus_pending#1:for                              153602                        0.13           153602           
    /Main_Comp_Decomp_tot::Main_Fonction/core  comp.put_bit_plus_pending#2:for                                     2                        0.00                2           
    /Main_Comp_Decomp_tot::Main_Fonction/core  comp.put_bit_plus_pending#3:for                                     2                        0.00                2           
    /Main_Comp_Decomp_tot::Main_Fonction/core  main_decomp.Mn_Fonction:cmodel.cumulative_frequency:vinit         516                        0.00              516           
    /Main_Comp_Decomp_tot::Main_Fonction/core  dec.decompress:for#1                                               15                        0.00             2330           
    /Main_Comp_Decomp_tot::Main_Fonction/core   ModelA::getChar:for                                             1542                        0.00             2313           
    /Main_Comp_Decomp_tot::Main_Fonction/core    ModelA::update#1:for                                            771                        0.00              771           
    /Main_Comp_Decomp_tot::Main_Fonction/core   dec.decompress:for#1:for                                           2                        0.00                2           
    /Main_Comp_Decomp_tot::Main_Fonction/core  main_decomp.Mn_Fonction:for                                         2                        0.00                2           
    /Main_Comp_Decomp_tot::Main_Fonction/core  inv_wave.Mn_Inv_Wave_Fct:for#1                                      4                        0.00               31           
    /Main_Comp_Decomp_tot::Main_Fonction/core   hsplit_x                                                           2                        0.00               11           
    /Main_Comp_Decomp_tot::Main_Fonction/core    hsplit_y                                                          9                        0.00                9           
    /Main_Comp_Decomp_tot::Main_Fonction/core   hsplit_x#1                                                         2                        0.00               11           
    /Main_Comp_Decomp_tot::Main_Fonction/core    hsplit_y#1                                                        9                        0.00                9           
    /Main_Comp_Decomp_tot::Main_Fonction/core   copy_x#2                                                           2                        0.00                5           
    /Main_Comp_Decomp_tot::Main_Fonction/core    copy_y#2                                                          3                        0.00                3           
    
  End of Report
