10:24:52 **** Incremental Build of configuration Debug for project cam_conf ****
make all 
make: Nothing to be done for `all'.
10:33:05 **** Incremental Build of configuration Debug for project fsbl ****
make all 
make: Nothing to be done for `all'.
10:33:09 **** Incremental Build of configuration Debug for project cam_conf ****
make all 
make: Nothing to be done for `all'.
10:33:27 **** Incremental Build of configuration Debug for project fsbl ****
make all 
make: Nothing to be done for `all'.
10:33:29 **** Incremental Build of configuration Debug for project cam_conf ****
make all 
make: Nothing to be done for `all'.
10:33:53 **** Incremental Build of configuration Debug for project fsbl ****
make all 
make: Nothing to be done for `all'.
10:33:55 **** Incremental Build of configuration Debug for project cam_conf ****
make all 
make: Nothing to be done for `all'.
10:34:58 **** Incremental Build of configuration Debug for project fsbl ****
make all 
make: Nothing to be done for `all'.
10:35:00 **** Incremental Build of configuration Debug for project cam_conf ****
make all 
make: Nothing to be done for `all'.
10:36:24 **** Incremental Build of configuration Debug for project fsbl ****
make all 
make: Nothing to be done for `all'.
10:36:26 **** Incremental Build of configuration Debug for project cam_conf ****
make all 
make: Nothing to be done for `all'.
10:36:50 **** Incremental Build of configuration Debug for project fsbl ****
make all 
make: Nothing to be done for `all'.
10:36:52 **** Incremental Build of configuration Debug for project cam_conf ****
make all 
make: Nothing to be done for `all'.
10:37:30 **** Incremental Build of configuration Debug for project fsbl ****
make all 
make: Nothing to be done for `all'.
10:37:32 **** Incremental Build of configuration Debug for project cam_conf ****
make all 
make: Nothing to be done for `all'.
10:38:15 **** Incremental Build of configuration Debug for project fsbl ****
make all 
make: Nothing to be done for `all'.
10:38:16 **** Incremental Build of configuration Debug for project cam_conf ****
make all 
make: Nothing to be done for `all'.
10:39:07 **** Incremental Build of configuration Debug for project fsbl ****
make all 
make: Nothing to be done for `all'.
10:39:08 **** Incremental Build of configuration Debug for project cam_conf ****
make all 
make: Nothing to be done for `all'.
10:39:33 **** Incremental Build of configuration Debug for project fsbl ****
make all 
make: Nothing to be done for `all'.
10:39:34 **** Incremental Build of configuration Debug for project cam_conf ****
make all 
make: Nothing to be done for `all'.
10:41:12 **** Incremental Build of configuration Debug for project fsbl ****
make all 
make: Nothing to be done for `all'.
10:41:14 **** Incremental Build of configuration Debug for project cam_conf ****
make all 
make: Nothing to be done for `all'.
08:56:16 **** Auto Build of configuration Debug for project cam_conf ****
make all 
make: Nothing to be done for `all'.
