FSM 1 : VALID TRANSITION GRAPH

00000000000000000000000000000000000000000000000000000000000000000000000000000000000000000000000000000000000000000010000000000000 : FSM STATE NOT REACHABLE FROM OUTSIDE.

   OUTGOING TRANSITIONS:
      00000000000000000000000000000000000000000000000000000000000000000000000000000000000000000000000000000000000000000100000000000000

   INCOMING TRANSITIONS:
      00000000000000000000000000000000000000000000000000000000000000000000000000000000000000000000000000000000000000000001000000000000


00000000000000000000000000000000000000000000000000000000000000000000000000000000000000000000000000000000000000000100000000000000 : FSM STATE NOT REACHABLE FROM OUTSIDE.

   OUTGOING TRANSITIONS:
      00000000000000000000000000000000000000000000000000000000000000000000000000000000000000000000000000000000000000001000000000000000

   INCOMING TRANSITIONS:
      00000000000000000000000000000000000000000000000000000000000000000000000000000000000000000000000000000000000000000010000000000000


00000000000000000000000000000000000000000000000000000000000000000000100000000000000000000000000000000000000000000000000000000000 : FSM STATE NOT REACHABLE FROM OUTSIDE.

   OUTGOING TRANSITIONS:
      00000000000000000000000000000000000000000000000000000000000000000001000000000000000000000000000000000000000000000000000000000000

   INCOMING TRANSITIONS:
      00000000000000000000000000000000000000000000000000000000000000000000000000010000000000000000000000000000000000000000000000000000


00000000000000000000000000000000000000000000000000000000000000000001000000000000000000000000000000000000000000000000000000000000 : FSM STATE NOT REACHABLE FROM OUTSIDE.

   OUTGOING TRANSITIONS:
      00000000000000000000000000000000100000000000000000000000000000000000000000000000000000000000000000000000000000000000000000000000
      00000000000000000000000000000000000000000000000000000000000000100000000000000000000000000000000000000000000000000000000000000000
      00000000000000000000000000000000000000000000000000000000000000000010000000000000000000000000000000000000000000000000000000000000
      00000000000000000000000000000000000000000000000000000000000000001000000000000000000000000000000000000000000000000000000000000000

   INCOMING TRANSITIONS:
      00000000000000000000000000000000000000000000000000000000000000000000100000000000000000000000000000000000000000000000000000000000


00000010000000000000000000000000000000000000000000000000000000000000000000000000000000000000000000000000000000000000000000000000 : FSM STATE NOT REACHABLE FROM OUTSIDE.

   OUTGOING TRANSITIONS:
      00100000000000000000000000000000000000000000000000000000000000000000000000000000000000000000000000000000000000000000000000000000
      00000100000000000000000000000000000000000000000000000000000000000000000000000000000000000000000000000000000000000000000000000000

   INCOMING TRANSITIONS:
      00000001000000000000000000000000000000000000000000000000000000000000000000000000000000000000000000000000000000000000000000000000
      00100000000000000000000000000000000000000000000000000000000000000000000000000000000000000000000000000000000000000000000000000000


00000100000000000000000000000000000000000000000000000000000000000000000000000000000000000000000000000000000000000000000000000000 : FSM STATE NOT REACHABLE FROM OUTSIDE.

   OUTGOING TRANSITIONS:
      00001000000000000000000000000000000000000000000000000000000000000000000000000000000000000000000000000000000000000000000000000000

   INCOMING TRANSITIONS:
      00000010000000000000000000000000000000000000000000000000000000000000000000000000000000000000000000000000000000000000000000000000
      00010000000000000000000000000000000000000000000000000000000000000000000000000000000000000000000000000000000000000000000000000000


00000000000000000000000000000000000000000000000000000000000000000000000000000000000000000000000000000000000010000000000000000000 : FSM STATE NOT REACHABLE FROM OUTSIDE.

   OUTGOING TRANSITIONS:
      00000000000000000000000000000000000000000000000000000000000000000000000000000000000000000000000000100000000000000000000000000000
      00000000000000000000000000000000000000000000000000000000000000000000000000000000000000000000000000000000000100000000000000000000

   INCOMING TRANSITIONS:
      00000000000000000000000000000000000000000000000000000000000000000000000000000000000000000000000000000000000001000000000000000000
      00000000000000000000000000000000000000000000000000000000000000000000000000000000000000000000000000100000000000000000000000000000


00000000000000000000000000000000000000000000000000000000000000000000000000000000000000000000000000000000000100000000000000000000 : FSM STATE NOT REACHABLE FROM OUTSIDE.

   OUTGOING TRANSITIONS:
      00000000000000000000000000000000000000000000000000000000000000000000000000000000000000000000000000000000001000000000000000000000

   INCOMING TRANSITIONS:
      00000000000000000000000000000000000000000000000000000000000000000000000000000000000000000000000000000000000010000000000000000000
      00000000000000000000000000000000000000000000000000000000000000000000000000000000000000000000000000010000000000000000000000000000


00000000000000000000000000000000000000000000000000000000000000000000000000000000000000000000000000000000000000000000000000000010 : FSM STATE NOT REACHABLE FROM OUTSIDE.

   OUTGOING TRANSITIONS:
      00000000000000000000000000000000000000000000000000000000000000000000000000000000000000000000000000000000000000000000000000000100

   INCOMING TRANSITIONS:
      00000000000000000000000000000000000000000000000000000000000000000000000000000000000000000000000000000000000000000000000000000001


00000000000000000000000000000000000000000000000000000000000000000000000000000000000000000000000000000000000000000000000000000100 : FSM STATE NOT REACHABLE FROM OUTSIDE.

   OUTGOING TRANSITIONS:
      00000000000000000000000000000000000000000000000000000000000000000000000000000000000000000000000000000000000000000000000000001000

   INCOMING TRANSITIONS:
      00000000000000000000000000000000000000000000000000000000000000000000000000000000000000000000000000000000000000000000000000000010
      00000000000000000000000000000000000000000000000000000000000000000000000000000000000000000000000000000000000000000000000000010000
      00000000000000000000000000000000000000000000000000000000000000000000000000000000000000000000000000000000000000000000000000100000


00000000000000000000000000000000000000000000000000000000000000100000000000000000000000000000000000000000000000000000000000000000 : FSM STATE NOT REACHABLE FROM OUTSIDE.

   OUTGOING TRANSITIONS:
      00000000000000000000000000000000000000000000000000000000000001000000000000000000000000000000000000000000000000000000000000000000

   INCOMING TRANSITIONS:
      00000000000000000000000000000000000000000000000000000000000000000001000000000000000000000000000000000000000000000000000000000000
      00000000000000000000000000000000000000000000000000000000000000000100000000000000000000000000000000000000000000000000000000000000
      00000000000000000000000000000000000000000000000000000000000000010000000000000000000000000000000000000000000000000000000000000000
      00000000000000000000000000000000000000000000000000000000000001000000000000000000000000000000000000000000000000000000000000000000


00000000000000000000000000000000000000000000000000000000000001000000000000000000000000000000000000000000000000000000000000000000 : FSM STATE NOT REACHABLE FROM OUTSIDE.

   OUTGOING TRANSITIONS:
      00000000000000000000000000000000000000000000000000000000000010000000000000000000000000000000000000000000000000000000000000000000
      00000000000000000000000000000000000000000000000000000000000000100000000000000000000000000000000000000000000000000000000000000000

   INCOMING TRANSITIONS:
      00000000000000000000000000000000000000000000000000000000000000100000000000000000000000000000000000000000000000000000000000000000


00000000000000000000000000000000100000000000000000000000000000000000000000000000000000000000000000000000000000000000000000000000 : FSM STATE NOT REACHABLE FROM OUTSIDE.

   OUTGOING TRANSITIONS:
      10000000000000000000000000000000000000000000000000000000000000000000000000000000000000000000000000000000000000000000000000000000
      00000000000000000000000000000001000000000000000000000000000000000000000000000000000000000000000000000000000000000000000000000000

   INCOMING TRANSITIONS:
      00000000000000000000000000000000000000000000000000000000000000000001000000000000000000000000000000000000000000000000000000000000
      00000000000000000000000000000000000000000000000000000000000000000100000000000000000000000000000000000000000000000000000000000000
      00000000000000000000000000000000000000000000000000000000000000010000000000000000000000000000000000000000000000000000000000000000
      00000000000000000000000000000000010000000000000000000000000000000000000000000000000000000000000000000000000000000000000000000000


00000000000000000000000000000001000000000000000000000000000000000000000000000000000000000000000000000000000000000000000000000000 : FSM STATE NOT REACHABLE FROM OUTSIDE.

   OUTGOING TRANSITIONS:
      00000000000000000000000000000010000000000000000000000000000000000000000000000000000000000000000000000000000000000000000000000000

   INCOMING TRANSITIONS:
      00000000000000000000000000000000100000000000000000000000000000000000000000000000000000000000000000000000000000000000000000000000
      01000000000000000000000000000000000000000000000000000000000000000000000000000000000000000000000000000000000000000000000000000000


00000000000000000000000000000000000000000000000000000000000000000000000000000000000000000000100000000000000000000000000000000000 : FSM STATE NOT REACHABLE FROM OUTSIDE.

   OUTGOING TRANSITIONS:
      00000000000000000000000000000000000000000000000000000000000000000000000000000000000000000001000000000000000000000000000000000000
      00000000000000000000000000000000000000000000000000000000000000000000000000000000000000000000000010000000000000000000000000000000

   INCOMING TRANSITIONS:
      00000000000000000000000000000000000000000000000000000000000000000000000000000000000000000000000010000000000000000000000000000000
      00000000000000000000000000000000000000000000000000000000000000000000000000000000000000000000010000000000000000000000000000000000


00000000000000000000000000000000000000000000000000000000000000000000000000000000000000000001000000000000000000000000000000000000 : FSM STATE NOT REACHABLE FROM OUTSIDE.

   OUTGOING TRANSITIONS:
      00000000000000000000000000000000000000000000000000000000000000000000000000000000000000000010000000000000000000000000000000000000

   INCOMING TRANSITIONS:
      00000000000000000000000000000000000000000000000000000000000000000000000000000000000000000000000001000000000000000000000000000000
      00000000000000000000000000000000000000000000000000000000000000000000000000000000000000000000100000000000000000000000000000000000


00000000000000000000000000000000000000000000000000000000001000000000000000000000000000000000000000000000000000000000000000000000 : FSM STATE NOT REACHABLE FROM OUTSIDE.

   OUTGOING TRANSITIONS:
      00000000000000000000000000000000000000000000000000000000010000000000000000000000000000000000000000000000000000000000000000000000

   INCOMING TRANSITIONS:
      00000000000000000000000000000000000000000000000000000000000100000000000000000000000000000000000000000000000000000000000000000000


00000000000000000000000000000000000000000000000000000000010000000000000000000000000000000000000000000000000000000000000000000000 : FSM STATE NOT REACHABLE FROM OUTSIDE.

   OUTGOING TRANSITIONS:
      00000000000000000000000000000000000000000000000000000000100000000000000000000000000000000000000000000000000000000000000000000000

   INCOMING TRANSITIONS:
      00000000000000000000000000000000000000000000000000000000001000000000000000000000000000000000000000000000000000000000000000000000


00000000000000000000000000100000000000000000000000000000000000000000000000000000000000000000000000000000000000000000000000000000 : FSM STATE NOT REACHABLE FROM OUTSIDE.

   OUTGOING TRANSITIONS:
      00000000000000000000000001000000000000000000000000000000000000000000000000000000000000000000000000000000000000000000000000000000

   INCOMING TRANSITIONS:
      00000000000000000000000000010000000000000000000000000000000000000000000000000000000000000000000000000000000000000000000000000000


00000000000000000000000001000000000000000000000000000000000000000000000000000000000000000000000000000000000000000000000000000000 : FSM STATE NOT REACHABLE FROM OUTSIDE.

   OUTGOING TRANSITIONS:
      00000000000000000000000010000000000000000000000000000000000000000000000000000000000000000000000000000000000000000000000000000000

   INCOMING TRANSITIONS:
      00000000000000000000000000100000000000000000000000000000000000000000000000000000000000000000000000000000000000000000000000000000


00000000000000000000000000000000000000001000000000000000000000000000000000000000000000000000000000000000000000000000000000000000 : FSM STATE NOT REACHABLE FROM OUTSIDE.

   OUTGOING TRANSITIONS:
      00000000000000000000000000000000000000010000000000000000000000000000000000000000000000000000000000000000000000000000000000000000

   INCOMING TRANSITIONS:
      00000000000000000000000000000000000000000100000000000000000000000000000000000000000000000000000000000000000000000000000000000000


00000000000000000000000000000000000000010000000000000000000000000000000000000000000000000000000000000000000000000000000000000000 : FSM STATE NOT REACHABLE FROM OUTSIDE.

   OUTGOING TRANSITIONS:
      00000000000000000000000000000000000000100000000000000000000000000000000000000000000000000000000000000000000000000000000000000000

   INCOMING TRANSITIONS:
      00000000000000000000000000000000000000001000000000000000000000000000000000000000000000000000000000000000000000000000000000000000


00000000000000000000000000000000000000000000000000000000000000000000000000000000000000000000000000001000000000000000000000000000 : FSM STATE NOT REACHABLE FROM OUTSIDE.

   OUTGOING TRANSITIONS:
      00000000000000000000000000000000000000000000000000000000000000000000000000000000000000000000000000010000000000000000000000000000

   INCOMING TRANSITIONS:
      00000000000000000000000000000000000000000000000000000000000000000000000000000000000000000000000000000100000000000000000000000000


00000000000000000000000000000000000000000000000000000000000000000000000000000000000000000000000000010000000000000000000000000000 : FSM STATE NOT REACHABLE FROM OUTSIDE.

   OUTGOING TRANSITIONS:
      00000000000000000000000000000000000000000000000000000000000000000000000000000000000000000000000000100000000000000000000000000000
      00000000000000000000000000000000000000000000000000000000000000000000000000000000000000000000000000000000000100000000000000000000

   INCOMING TRANSITIONS:
      00000000000000000000000000000000000000000000000000000000000000000000000000000000000000000000000000001000000000000000000000000000


00000000000000000000000000000000000000000000000000000010000000000000000000000000000000000000000000000000000000000000000000000000 : FSM STATE NOT REACHABLE FROM OUTSIDE.

   OUTGOING TRANSITIONS:
      00000000000000000000000000000000000000000000000000000100000000000000000000000000000000000000000000000000000000000000000000000000

   INCOMING TRANSITIONS:
      00000000000000000000000000000000000000000000000000000001000000000000000000000000000000000000000000000000000000000000000000000000


00000000000000000000000000000000000000000000000000000100000000000000000000000000000000000000000000000000000000000000000000000000 : FSM STATE NOT REACHABLE FROM OUTSIDE.

   OUTGOING TRANSITIONS:
      00000000000000000000000000000000000000000000000000001000000000000000000000000000000000000000000000000000000000000000000000000000

   INCOMING TRANSITIONS:
      00000000000000000000000000000000000000000000000000000010000000000000000000000000000000000000000000000000000000000000000000000000
      00000000000000000000000000000000000000000000010000000000000000000000000000000000000000000000000000000000000000000000000000000000


00000000000000000000001000000000000000000000000000000000000000000000000000000000000000000000000000000000000000000000000000000000 : FSM STATE NOT REACHABLE FROM OUTSIDE.

   OUTGOING TRANSITIONS:
      00000000000000000000010000000000000000000000000000000000000000000000000000000000000000000000000000000000000000000000000000000000

   INCOMING TRANSITIONS:
      00000000000000000000000100000000000000000000000000000000000000000000000000000000000000000000000000000000000000000000000000000000


00000000000000000000010000000000000000000000000000000000000000000000000000000000000000000000000000000000000000000000000000000000 : FSM STATE NOT REACHABLE FROM OUTSIDE.

   OUTGOING TRANSITIONS:
      00000000000000000000000000000100000000000000000000000000000000000000000000000000000000000000000000000000000000000000000000000000

   INCOMING TRANSITIONS:
      00000000000000000000001000000000000000000000000000000000000000000000000000000000000000000000000000000000000000000000000000000000


00000000000000000000000000000000001000000000000000000000000000000000000000000000000000000000000000000000000000000000000000000000 : FSM STATE NOT REACHABLE FROM OUTSIDE.

   OUTGOING TRANSITIONS:
      00000000000000000000000000000000010000000000000000000000000000000000000000000000000000000000000000000000000000000000000000000000

   INCOMING TRANSITIONS:
      00000000000000000000000000000000000000000000100000000000000000000000000000000000000000000000000000000000000000000000000000000000
      00000000000000000000000000000000010000000000000000000000000000000000000000000000000000000000000000000000000000000000000000000000


00000000000000000000000000000000010000000000000000000000000000000000000000000000000000000000000000000000000000000000000000000000 : FSM STATE NOT REACHABLE FROM OUTSIDE.

   OUTGOING TRANSITIONS:
      00000000000000000000000000000000100000000000000000000000000000000000000000000000000000000000000000000000000000000000000000000000
      00000000000000000000000000000000001000000000000000000000000000000000000000000000000000000000000000000000000000000000000000000000

   INCOMING TRANSITIONS:
      00000000000000000000000000000000001000000000000000000000000000000000000000000000000000000000000000000000000000000000000000000000


00000000000010000000000000000000000000000000000000000000000000000000000000000000000000000000000000000000000000000000000000000000 : FSM STATE NOT REACHABLE FROM OUTSIDE.

   OUTGOING TRANSITIONS:
      00000000000100000000000000000000000000000000000000000000000000000000000000000000000000000000000000000000000000000000000000000000

   INCOMING TRANSITIONS:
      00000000000001000000000000000000000000000000000000000000000000000000000000000000000000000000000000000000000000000000000000000000


00000000000100000000000000000000000000000000000000000000000000000000000000000000000000000000000000000000000000000000000000000000 : FSM STATE NOT REACHABLE FROM OUTSIDE.

   OUTGOING TRANSITIONS:
      00000000001000000000000000000000000000000000000000000000000000000000000000000000000000000000000000000000000000000000000000000000

   INCOMING TRANSITIONS:
      00000000000010000000000000000000000000000000000000000000000000000000000000000000000000000000000000000000000000000000000000000000


00000000000000000000000000000000000000000000000000000000000000000000000000000000000000000000001000000000000000000000000000000000 : FSM STATE NOT REACHABLE FROM OUTSIDE.

   OUTGOING TRANSITIONS:
      00000000000000000000000000000000000000000000000000000000000000000000000000000000000000000000010000000000000000000000000000000000

   INCOMING TRANSITIONS:
      00000000000000000000000000000000000000000000000000000000000000000000000000000000000000000000000100000000000000000000000000000000


00000000000000000000000000000000000000000000000000000000000000000000000000000000000000000000010000000000000000000000000000000000 : FSM STATE NOT REACHABLE FROM OUTSIDE.

   OUTGOING TRANSITIONS:
      00000000000000000000000000000000000000000000000000000000000000000000000000000000000000000000100000000000000000000000000000000000
      00000000000000000000000000000000000000000000000000000000000000000000000000000000000000000000000100000000000000000000000000000000

   INCOMING TRANSITIONS:
      00000000000000000000000000000000000000000000000000000000000000000000000000000000000000000000001000000000000000000000000000000000


00000000000000000000000000000000000000000000000000000000000000000000000000000000000000000000000010000000000000000000000000000000 : FSM STATE NOT REACHABLE FROM OUTSIDE.

   OUTGOING TRANSITIONS:
      00000000000000000000000000000000000000000000000000000000000000000000000000000000000000000000100000000000000000000000000000000000
      00000000000000000000000000000000000000000000000000000000000000000000000000000000000000000000000100000000000000000000000000000000

   INCOMING TRANSITIONS:
      00000000000000000000000000000000000000000000000000000000000000000000000000000000000000000000000001000000000000000000000000000000
      00000000000000000000000000000000000000000000000000000000000000000000000000000000000000000000100000000000000000000000000000000000


00000000000000000000000000000000000000000000000000000000000000000000000000000000000000000000000100000000000000000000000000000000 : FSM STATE NOT REACHABLE FROM OUTSIDE.

   OUTGOING TRANSITIONS:
      00000000000000000000000000000000000000000000000000000000000000000000000000000000000000000000001000000000000000000000000000000000

   INCOMING TRANSITIONS:
      00000000000000000000000000000000000000000000000000000000000000000000000000000000000000000000000010000000000000000000000000000000
      00000000000000000000000000000000000000000000000000000000000000000000000000000000000000000000010000000000000000000000000000000000


00000000000000000000000000000000000010000000000000000000000000000000000000000000000000000000000000000000000000000000000000000000 : FSM STATE NOT REACHABLE FROM OUTSIDE.

   OUTGOING TRANSITIONS:
      00000000000000000000000000000000000001000000000000000000000000000000000000000000000000000000000000000000000000000000000000000000

   INCOMING TRANSITIONS:
      00000000000000000000000000000000000001000000000000000000000000000000000000000000000000000000000000000000000000000000000000000000


00000000000000000000000000000000000100000000000000000000000000000000000000000000000000000000000000000000000000000000000000000000 : FSM STATE NOT REACHABLE FROM OUTSIDE.

   OUTGOING TRANSITIONS:
      00000000000000000000000000000000000000000000000000000000000010000000000000000000000000000000000000000000000000000000000000000000

   INCOMING TRANSITIONS:
      00000000000000000000000000000000000001000000000000000000000000000000000000000000000000000000000000000000000000000000000000000000


00000000000000100000000000000000000000000000000000000000000000000000000000000000000000000000000000000000000000000000000000000000 : FSM STATE NOT REACHABLE FROM OUTSIDE.

   OUTGOING TRANSITIONS:
      00000000000001000000000000000000000000000000000000000000000000000000000000000000000000000000000000000000000000000000000000000000

   INCOMING TRANSITIONS:
      00000000000000010000000000000000000000000000000000000000000000000000000000000000000000000000000000000000000000000000000000000000


00000000000001000000000000000000000000000000000000000000000000000000000000000000000000000000000000000000000000000000000000000000 : FSM STATE NOT REACHABLE FROM OUTSIDE.

   OUTGOING TRANSITIONS:
      00000000000010000000000000000000000000000000000000000000000000000000000000000000000000000000000000000000000000000000000000000000

   INCOMING TRANSITIONS:
      00000000000000100000000000000000000000000000000000000000000000000000000000000000000000000000000000000000000000000000000000000000


00000000000000000000000000000000000000000000000000000000000000000000000000000000000000000000000000000000000000001000000000000000 : FSM STATE NOT REACHABLE FROM OUTSIDE.

   OUTGOING TRANSITIONS:
      00000000000000000000000000000000000000000000000000000000000000000000000000000000000000000000000000000000000000010000000000000000

   INCOMING TRANSITIONS:
      00000000000000000000000000000000000000000000000000000000000000000000000000000000000000000000000000000000000000000100000000000000


00000000000000000000000000000000000000000000000000000000000000000000000000000000000000000000000000000000000000010000000000000000 : FSM STATE NOT REACHABLE FROM OUTSIDE.

   OUTGOING TRANSITIONS:
      00000000000000000000000000000000000000000000000000000000000000000000000000000000000000000000000000000000000000100000000000000000
      00000000000000000000000000000000000000000000000000000000000000000000000000000000000000000000000000000000000000000000000100000000

   INCOMING TRANSITIONS:
      00000000000000000000000000000000000000000000000000000000000000000000000000000000000000000000000000000000000000001000000000000000


00000000000000000000000000000000000000000000000000001000000000000000000000000000000000000000000000000000000000000000000000000000 : FSM STATE NOT REACHABLE FROM OUTSIDE.

   OUTGOING TRANSITIONS:
      00000000000000000000000000000000000000000000000000010000000000000000000000000000000000000000000000000000000000000000000000000000

   INCOMING TRANSITIONS:
      00000000000000000000000000000000000000000000000000000100000000000000000000000000000000000000000000000000000000000000000000000000


00000000000000000000000000000000000000000000000000010000000000000000000000000000000000000000000000000000000000000000000000000000 : FSM STATE NOT REACHABLE FROM OUTSIDE.

   OUTGOING TRANSITIONS:
      00000000000000000000000000000000000000000000000000100000000000000000000000000000000000000000000000000000000000000000000000000000

   INCOMING TRANSITIONS:
      00000000000000000000000000000000000000000000000000001000000000000000000000000000000000000000000000000000000000000000000000000000


00000000000000000000000000000000000000000000000000000000000000000000000000000000000000001000000000000000000000000000000000000000 : FSM STATE NOT REACHABLE FROM OUTSIDE.

   OUTGOING TRANSITIONS:
      00000000000000000000000000000000000000000000000000000000000000000000000000000000000000010000000000000000000000000000000000000000

   INCOMING TRANSITIONS:
      00000000000000000000000000000000000000000000000000000000000000000000000000000000000000000100000000000000000000000000000000000000


00000000000000000000000000000000000000000000000000000000000000000000000000000000000000010000000000000000000000000000000000000000 : FSM STATE NOT REACHABLE FROM OUTSIDE.

   OUTGOING TRANSITIONS:
      00000000000000000000000000000000000000000000000000000000000000000000000000000000000000100000000000000000000000000000000000000000

   INCOMING TRANSITIONS:
      00000000000000000000000000000000000000000000000000000000000000000000000000000000000000001000000000000000000000000000000000000000


00000000000000000000000000000000000000000000001000000000000000000000000000000000000000000000000000000000000000000000000000000000 : FSM STATE NOT REACHABLE FROM OUTSIDE.

   OUTGOING TRANSITIONS:
      00000000000000000000000000000000000000000000010000000000000000000000000000000000000000000000000000000000000000000000000000000000

   INCOMING TRANSITIONS:
      00000000000000000000000000000000000000000000000000100000000000000000000000000000000000000000000000000000000000000000000000000000
      00000000000000000000000000000000000000000000000100000000000000000000000000000000000000000000000000000000000000000000000000000000


00000000000000000000000000000000000000000000010000000000000000000000000000000000000000000000000000000000000000000000000000000000 : FSM STATE NOT REACHABLE FROM OUTSIDE.

   OUTGOING TRANSITIONS:
      00000000000000000000000000000000000000000000100000000000000000000000000000000000000000000000000000000000000000000000000000000000
      00000000000000000000000000000000000000000000000000000100000000000000000000000000000000000000000000000000000000000000000000000000

   INCOMING TRANSITIONS:
      00000000000000000000000000000000000000000000001000000000000000000000000000000000000000000000000000000000000000000000000000000000


10000000000000000000000000000000000000000000000000000000000000000000000000000000000000000000000000000000000000000000000000000000 : FSM STATE NOT REACHABLE FROM OUTSIDE.

   OUTGOING TRANSITIONS:
      00000000000000000000000000000000000000000000000000000000000000000000000000000000000000000000000000000000000000000000000000000001

   INCOMING TRANSITIONS:
      00000000000000000000000000000000100000000000000000000000000000000000000000000000000000000000000000000000000000000000000000000000
      01000000000000000000000000000000000000000000000000000000000000000000000000000000000000000000000000000000000000000000000000000000


00000000000000000000000000000000000000000000000000000000000010000000000000000000000000000000000000000000000000000000000000000000 : FSM STATE NOT REACHABLE FROM OUTSIDE.

   OUTGOING TRANSITIONS:
      00000000000000000000000000000000000000000000000000000000000100000000000000000000000000000000000000000000000000000000000000000000

   INCOMING TRANSITIONS:
      00000000000000000000000000000000000000000000000000000000000001000000000000000000000000000000000000000000000000000000000000000000
      00000000000000000000000000000000000100000000000000000000000000000000000000000000000000000000000000000000000000000000000000000000


00000000000000000000000000000000000000000000000000000000000100000000000000000000000000000000000000000000000000000000000000000000 : FSM STATE NOT REACHABLE FROM OUTSIDE.

   OUTGOING TRANSITIONS:
      00000000000000000000000000000000000000000000000000000000001000000000000000000000000000000000000000000000000000000000000000000000

   INCOMING TRANSITIONS:
      00000000000000000000000000000000000000000000000000000000000010000000000000000000000000000000000000000000000000000000000000000000


00000000000000000000000000000000000000000000000000000000000000000000000000000000000000000000000000000000000000000000000000100000 : FSM STATE NOT REACHABLE FROM OUTSIDE.

   OUTGOING TRANSITIONS:
      00000000000000000000000000000000000000000000000000000000000000000000000000000000000000000000000000000000000000000000000001000000
      00000000000000000000000000000000000000000000000000000000000000000000000000000000000000000000000000000000000000000000000000000100

   INCOMING TRANSITIONS:
      00000000000000000000000000000000000000000000000000000000000000000000000000000000000000000000000000000000000000000000000000010000


00000000000000000000000000000000000000000000000000000000000000000000000000000000000000000000000000000000000000000000000001000000 : FSM STATE NOT REACHABLE FROM OUTSIDE.

   OUTGOING TRANSITIONS:
      00000000000000000000000000000000000000000000000000000000000000000000000000000000000000000000000000000000000001000000000000000000
      00000000000000000000000000000000000000000000000000000000000000000000000000000000000000000000000000000000000000000000000010000000

   INCOMING TRANSITIONS:
      00000000000000000000000000000000000000000000000000000000000000000000000000000000000000000000000000000000000000000000000000100000
      00000000000000000000000000000000000000000000000000000000000000000000000000000000000000000010000000000000000000000000000000000000


00000000000000000000000000000000000000000000000000000000000000000000000000000000000000000000000000000000001000000000000000000000 : FSM STATE NOT REACHABLE FROM OUTSIDE.

   OUTGOING TRANSITIONS:
      00000000000000000000000000000000000000000000000000000000000000000000000000000000000000000000000000000000010000000000000000000000

   INCOMING TRANSITIONS:
      00000000000000000000000000000000000000000000000000000000000000000000000000000000000000000000000000000000000100000000000000000000


00000000000000000000000000000000000000000000000000000000000000000000000000000000000000000000000000000000010000000000000000000000 : FSM STATE NOT REACHABLE FROM OUTSIDE.

   OUTGOING TRANSITIONS:
      00000000000000000000000000000000000000000000000000000000000000000000000000000000000000000000000000000000100000000000000000000000

   INCOMING TRANSITIONS:
      00000000000000000000000000000000000000000000000000000000000000000000000000000000000000000000000000000000001000000000000000000000


00000000000000000000000000000000000000000000100000000000000000000000000000000000000000000000000000000000000000000000000000000000 : FSM STATE NOT REACHABLE FROM OUTSIDE.

   OUTGOING TRANSITIONS:
      00000000000000000000000000000000001000000000000000000000000000000000000000000000000000000000000000000000000000000000000000000000
      00000000000000000000000000000000000000000001000000000000000000000000000000000000000000000000000000000000000000000000000000000000

   INCOMING TRANSITIONS:
      00000000000000000000000000000000000000000000010000000000000000000000000000000000000000000000000000000000000000000000000000000000


00000000000000000000000000000000000000000001000000000000000000000000000000000000000000000000000000000000000000000000000000000000 : FSM STATE NOT REACHABLE FROM OUTSIDE.

   OUTGOING TRANSITIONS:
      00000000000000000000000000000000000000000010000000000000000000000000000000000000000000000000000000000000000000000000000000000000

   INCOMING TRANSITIONS:
      00000000000000000000000000000000000000000000100000000000000000000000000000000000000000000000000000000000000000000000000000000000


00000000000000000000000000000000000000000000000000000000000000000000000000000010000000000000000000000000000000000000000000000000 : FSM STATE NOT REACHABLE FROM OUTSIDE.

   OUTGOING TRANSITIONS:
      00000000000000000000000000000000000000000000000000000000000000000000000000000100000000000000000000000000000000000000000000000000

   INCOMING TRANSITIONS:
      00000000000000000000000000000000000000000000000000000000000000000000000000000001000000000000000000000000000000000000000000000000


00000000000000000000000000000000000000000000000000000000000000000000000000000100000000000000000000000000000000000000000000000000 : FSM STATE NOT REACHABLE FROM OUTSIDE.

   OUTGOING TRANSITIONS:
      00000000000000000000000000000000000000000000000000000000000000000000000000001000000000000000000000000000000000000000000000000000

   INCOMING TRANSITIONS:
      00000000000000000000000000000000000000000000000000000000000000000000000000000010000000000000000000000000000000000000000000000000


00000000000000000000000000001000000000000000000000000000000000000000000000000000000000000000000000000000000000000000000000000000 : FSM STATE NOT REACHABLE FROM OUTSIDE.

   OUTGOING TRANSITIONS:
      00000000000000000000000000010000000000000000000000000000000000000000000000000000000000000000000000000000000000000000000000000000

   INCOMING TRANSITIONS:
      00000000000000000000000000000100000000000000000000000000000000000000000000000000000000000000000000000000000000000000000000000000


00000000000000000000000000010000000000000000000000000000000000000000000000000000000000000000000000000000000000000000000000000000 : FSM STATE NOT REACHABLE FROM OUTSIDE.

   OUTGOING TRANSITIONS:
      00000000000000000000000000100000000000000000000000000000000000000000000000000000000000000000000000000000000000000000000000000000

   INCOMING TRANSITIONS:
      00000000000000000000000000001000000000000000000000000000000000000000000000000000000000000000000000000000000000000000000000000000


00000000000000000000000000000000000000000000000000000000000000000000000000000000000000000000000000000000000000100000000000000000 : FSM STATE NOT REACHABLE FROM OUTSIDE.

   OUTGOING TRANSITIONS:
      00000000000000000000000000000000000000000000000000000000000000000000000000000000000000000000000000000000000001000000000000000000
      00000000000000000000000000000000000000000000000000000000000000000000000000000000000000000000000000000000000000000000000010000000

   INCOMING TRANSITIONS:
      00000000000000000000000000000000000000000000000000000000000000000000000000000000000000000000000000000000000000000000000010000000
      00000000000000000000000000000000000000000000000000000000000000000000000000000000000000000000000000000000000000010000000000000000


00000000000000000000000000000000000000000000000000000000000000000000000000000000000000000000000000000000000001000000000000000000 : FSM STATE NOT REACHABLE FROM OUTSIDE.

   OUTGOING TRANSITIONS:
      00000000000000000000000000000000000000000000000000000000000000000000000000000000000000000000000001000000000000000000000000000000
      00000000000000000000000000000000000000000000000000000000000000000000000000000000000000000000000000000000000010000000000000000000

   INCOMING TRANSITIONS:
      00000000000000000000000000000000000000000000000000000000000000000000000000000000000000000000000000000000000000000000000001000000
      00000000000000000000000000000000000000000000000000000000000000000000000000000000000000000000000000000000000000100000000000000000


00000000000000000000000000000000000000000000000000000000000000000000000000000000000000000000000000000010000000000000000000000000 : FSM STATE NOT REACHABLE FROM OUTSIDE.

   OUTGOING TRANSITIONS:
      00000000000000000000000000000000000000000000000000000000000000000000000000000000000000000000000000000100000000000000000000000000

   INCOMING TRANSITIONS:
      00000000000000000000000000000000000000000000000000000000000000000000000000000000000000000000000000000001000000000000000000000000


00000000000000000000000000000000000000000000000000000000000000000000000000000000000000000000000000000100000000000000000000000000 : FSM STATE NOT REACHABLE FROM OUTSIDE.

   OUTGOING TRANSITIONS:
      00000000000000000000000000000000000000000000000000000000000000000000000000000000000000000000000000001000000000000000000000000000

   INCOMING TRANSITIONS:
      00000000000000000000000000000000000000000000000000000000000000000000000000000000000000000000000000000010000000000000000000000000


00100000000000000000000000000000000000000000000000000000000000000000000000000000000000000000000000000000000000000000000000000000 : FSM STATE NOT REACHABLE FROM OUTSIDE.

   OUTGOING TRANSITIONS:
      01000000000000000000000000000000000000000000000000000000000000000000000000000000000000000000000000000000000000000000000000000000
      00000010000000000000000000000000000000000000000000000000000000000000000000000000000000000000000000000000000000000000000000000000

   INCOMING TRANSITIONS:
      00000010000000000000000000000000000000000000000000000000000000000000000000000000000000000000000000000000000000000000000000000000
      00010000000000000000000000000000000000000000000000000000000000000000000000000000000000000000000000000000000000000000000000000000


01000000000000000000000000000000000000000000000000000000000000000000000000000000000000000000000000000000000000000000000000000000 : FSM STATE NOT REACHABLE FROM OUTSIDE.

   OUTGOING TRANSITIONS:
      10000000000000000000000000000000000000000000000000000000000000000000000000000000000000000000000000000000000000000000000000000000
      00000000000000000000000000000001000000000000000000000000000000000000000000000000000000000000000000000000000000000000000000000000

   INCOMING TRANSITIONS:
      00000001000000000000000000000000000000000000000000000000000000000000000000000000000000000000000000000000000000000000000000000000
      00100000000000000000000000000000000000000000000000000000000000000000000000000000000000000000000000000000000000000000000000000000


00000000000000000000000000000000000000000000000000000000000000000000000000000000000000000000000000000000000000000000000000001000 : FSM STATE NOT REACHABLE FROM OUTSIDE.

   OUTGOING TRANSITIONS:
      00000000000000000000000000000000000000000000000000000000000000000000000000000000000000000000000000000000000000000000000000010000

   INCOMING TRANSITIONS:
      00000000000000000000000000000000000000000000000000000000000000000000000000000000000000000000000000000000000000000000000000000100


00000000000000000000000000000000000000000000000000000000000000000000000000000000000000000000000000000000000000000000000000010000 : FSM STATE NOT REACHABLE FROM OUTSIDE.

   OUTGOING TRANSITIONS:
      00000000000000000000000000000000000000000000000000000000000000000000000000000000000000000000000000000000000000000000000000100000
      00000000000000000000000000000000000000000000000000000000000000000000000000000000000000000000000000000000000000000000000000000100

   INCOMING TRANSITIONS:
      00000000000000000000000000000000000000000000000000000000000000000000000000000000000000000000000000000000000000000000000000001000


00000000000000000000000000000000000000000000000000000000000000000000000000000000000000100000000000000000000000000000000000000000 : FSM STATE NOT REACHABLE FROM OUTSIDE.

   OUTGOING TRANSITIONS:
      00000000000000000000000000000000000000000000000000000000000000000000000000000000001000000000000000000000000000000000000000000000
      00000000000000000000000000000000000000000000000000000000000000000000000000000000000001000000000000000000000000000000000000000000

   INCOMING TRANSITIONS:
      00000000000000000000000000000000000000000000000000000000000000000000000000000000000000010000000000000000000000000000000000000000


00000000000000000000000000000000000000000000000000000000000000000000000000000000000001000000000000000000000000000000000000000000 : FSM STATE NOT REACHABLE FROM OUTSIDE.

   OUTGOING TRANSITIONS:
      00000000000000000000000000000000000000000000000000000000000000000000000000000000000010000000000000000000000000000000000000000000

   INCOMING TRANSITIONS:
      00000000000000000000000000000000000000000000000000000000000000000000000000000000000000100000000000000000000000000000000000000000
      00000000000000000000000000000000000000000000000000000000000000000000000000000000000100000000000000000000000000000000000000000000


00000000000000000000000000000000000000000000000000000000000000000000000000000000000010000000000000000000000000000000000000000000 : FSM STATE NOT REACHABLE FROM OUTSIDE.

   OUTGOING TRANSITIONS:
      00000000000000000000000000000000000000000000000000000000000000000000000000000000000100000000000000000000000000000000000000000000

   INCOMING TRANSITIONS:
      00000000000000000000000000000000000000000000000000000000000000000000000000000000000001000000000000000000000000000000000000000000


00000000000000000000000000000000000000000000000000000000000000000000000000000000000100000000000000000000000000000000000000000000 : FSM STATE NOT REACHABLE FROM OUTSIDE.

   OUTGOING TRANSITIONS:
      00000000000000000000000000000000000000000000000000000000000000000000000000000000001000000000000000000000000000000000000000000000
      00000000000000000000000000000000000000000000000000000000000000000000000000000000000001000000000000000000000000000000000000000000

   INCOMING TRANSITIONS:
      00000000000000000000000000000000000000000000000000000000000000000000000000000000000010000000000000000000000000000000000000000000


00000000000000000000000000000000000000000000000000100000000000000000000000000000000000000000000000000000000000000000000000000000 : FSM STATE NOT REACHABLE FROM OUTSIDE.

   OUTGOING TRANSITIONS:
      00000000000000000000000000000000000000000000001000000000000000000000000000000000000000000000000000000000000000000000000000000000
      00000000000000000000000000000000000000000000000001000000000000000000000000000000000000000000000000000000000000000000000000000000

   INCOMING TRANSITIONS:
      00000000000000000000000000000000000000000000000000010000000000000000000000000000000000000000000000000000000000000000000000000000


00000000000000000000000000000000000000000000000001000000000000000000000000000000000000000000000000000000000000000000000000000000 : FSM STATE NOT REACHABLE FROM OUTSIDE.

   OUTGOING TRANSITIONS:
      00000000000000000000000000000000000000000000000010000000000000000000000000000000000000000000000000000000000000000000000000000000

   INCOMING TRANSITIONS:
      00000000000000000000000000000000000000000000000000100000000000000000000000000000000000000000000000000000000000000000000000000000
      00000000000000000000000000000000000000000000000100000000000000000000000000000000000000000000000000000000000000000000000000000000


00000000000000000000000000000000000000100000000000000000000000000000000000000000000000000000000000000000000000000000000000000000 : FSM STATE NOT REACHABLE FROM OUTSIDE.

   OUTGOING TRANSITIONS:
      00000000000000000000000000000000000001000000000000000000000000000000000000000000000000000000000000000000000000000000000000000000

   INCOMING TRANSITIONS:
      00000000000000000000000000000000000000010000000000000000000000000000000000000000000000000000000000000000000000000000000000000000


00000000000000000000000000000000000001000000000000000000000000000000000000000000000000000000000000000000000000000000000000000000 : FSM STATE NOT REACHABLE FROM OUTSIDE.

   OUTGOING TRANSITIONS:
      00000000000000000000000000000000000100000000000000000000000000000000000000000000000000000000000000000000000000000000000000000000
      00000000000000000000000000000000000010000000000000000000000000000000000000000000000000000000000000000000000000000000000000000000

   INCOMING TRANSITIONS:
      00000000000000000000000000000000000000100000000000000000000000000000000000000000000000000000000000000000000000000000000000000000
      00000000000000000000000000000000000010000000000000000000000000000000000000000000000000000000000000000000000000000000000000000000


00000000000000000000000000000000000000000000000000000000000000000000000000000000000000000010000000000000000000000000000000000000 : FSM STATE NOT REACHABLE FROM OUTSIDE.

   OUTGOING TRANSITIONS:
      00000000000000000000000000000000000000000000000000000000000000000000000000000000000000000100000000000000000000000000000000000000
      00000000000000000000000000000000000000000000000000000000000000000000000000000000000000000000000000000000000000000000000001000000

   INCOMING TRANSITIONS:
      00000000000000000000000000000000000000000000000000000000000000000000000000000000000000000001000000000000000000000000000000000000


00000000000000000000000000000000000000000000000000000000000000000000000000000000000000000100000000000000000000000000000000000000 : FSM STATE NOT REACHABLE FROM OUTSIDE.

   OUTGOING TRANSITIONS:
      00000000000000000000000000000000000000000000000000000000000000000000000000000000000000001000000000000000000000000000000000000000

   INCOMING TRANSITIONS:
      00000000000000000000000000000000000000000000000000000000000000000000000000000000000000000010000000000000000000000000000000000000
      00000000000000000000000000000000000000000000000000000000000000000000000000010000000000000000000000000000000000000000000000000000


00000000000000000000000000000000000000000000000000000000100000000000000000000000000000000000000000000000000000000000000000000000 : FSM STATE NOT REACHABLE FROM OUTSIDE.

   OUTGOING TRANSITIONS:
      00000000000000000000000000000000000000000000000000000001000000000000000000000000000000000000000000000000000000000000000000000000

   INCOMING TRANSITIONS:
      00000000000000000000000000000000000000000000000000000000010000000000000000000000000000000000000000000000000000000000000000000000


00000000000000000000000000000000000000000000000000000001000000000000000000000000000000000000000000000000000000000000000000000000 : FSM STATE NOT REACHABLE FROM OUTSIDE.

   OUTGOING TRANSITIONS:
      00000000000000000000000000000000000000000000000000000010000000000000000000000000000000000000000000000000000000000000000000000000

   INCOMING TRANSITIONS:
      00000000000000000000000000000000000000000000000000000000100000000000000000000000000000000000000000000000000000000000000000000000


00000000000000000000000010000000000000000000000000000000000000000000000000000000000000000000000000000000000000000000000000000000 : FSM STATE NOT REACHABLE FROM OUTSIDE.

   OUTGOING TRANSITIONS:
      00000000000000000000000100000000000000000000000000000000000000000000000000000000000000000000000000000000000000000000000000000000

   INCOMING TRANSITIONS:
      00000000000000000000000001000000000000000000000000000000000000000000000000000000000000000000000000000000000000000000000000000000


00000000000000000000000100000000000000000000000000000000000000000000000000000000000000000000000000000000000000000000000000000000 : FSM STATE NOT REACHABLE FROM OUTSIDE.

   OUTGOING TRANSITIONS:
      00000000000000000000001000000000000000000000000000000000000000000000000000000000000000000000000000000000000000000000000000000000

   INCOMING TRANSITIONS:
      00000000000000000000000010000000000000000000000000000000000000000000000000000000000000000000000000000000000000000000000000000000


00000000000000000000000000000000000000000000000000000000000000000000000000000000100000000000000000000000000000000000000000000000 : FSM STATE NOT REACHABLE FROM OUTSIDE.

   OUTGOING TRANSITIONS:
      00000000000000000000000000000000000000000000000000000000000000000000000000000001000000000000000000000000000000000000000000000000

   INCOMING TRANSITIONS:
      00000000000000000000000000000000000000000000000000000000000000000000000000000000010000000000000000000000000000000000000000000000


00000000000000000000000000000000000000000000000000000000000000000000000000000001000000000000000000000000000000000000000000000000 : FSM STATE NOT REACHABLE FROM OUTSIDE.

   OUTGOING TRANSITIONS:
      00000000000000000000000000000000000000000000000000000000000000000000000000000010000000000000000000000000000000000000000000000000

   INCOMING TRANSITIONS:
      00000000000000000000000000000000000000000000000000000000000000000000000000000000100000000000000000000000000000000000000000000000


00000000000000001000000000000000000000000000000000000000000000000000000000000000000000000000000000000000000000000000000000000000 : FSM STATE NOT REACHABLE FROM OUTSIDE.

   OUTGOING TRANSITIONS:
      00000000000000010000000000000000000000000000000000000000000000000000000000000000000000000000000000000000000000000000000000000000

   INCOMING TRANSITIONS:
      00000000000000000100000000000000000000000000000000000000000000000000000000000000000000000000000000000000000000000000000000000000


00000000000000010000000000000000000000000000000000000000000000000000000000000000000000000000000000000000000000000000000000000000 : FSM STATE NOT REACHABLE FROM OUTSIDE.

   OUTGOING TRANSITIONS:
      00000000000000100000000000000000000000000000000000000000000000000000000000000000000000000000000000000000000000000000000000000000

   INCOMING TRANSITIONS:
      00000000000000001000000000000000000000000000000000000000000000000000000000000000000000000000000000000000000000000000000000000000


00000000000000000000000000000000000000000000000000000000000000000010000000000000000000000000000000000000000000000000000000000000 : FSM STATE NOT REACHABLE FROM OUTSIDE.

   OUTGOING TRANSITIONS:
      00000000000000000000000000000000000000000000000000000000000000000100000000000000000000000000000000000000000000000000000000000000

   INCOMING TRANSITIONS:
      00000000000000000000000000000000000000000000000000000000000000000001000000000000000000000000000000000000000000000000000000000000
      00000000000000000000000000000000000000000000000000000000000000000100000000000000000000000000000000000000000000000000000000000000


00000000000000000000000000000000000000000000000000000000000000000100000000000000000000000000000000000000000000000000000000000000 : FSM STATE NOT REACHABLE FROM OUTSIDE.

   OUTGOING TRANSITIONS:
      00000000000000000000000000000000100000000000000000000000000000000000000000000000000000000000000000000000000000000000000000000000
      00000000000000000000000000000000000000000000000000000000000000100000000000000000000000000000000000000000000000000000000000000000
      00000000000000000000000000000000000000000000000000000000000000000010000000000000000000000000000000000000000000000000000000000000

   INCOMING TRANSITIONS:
      00000000000000000000000000000000000000000000000000000000000000000010000000000000000000000000000000000000000000000000000000000000


00000000000000000000000000000000000000000000000000000000000000000000000000000000001000000000000000000000000000000000000000000000 : FSM STATE NOT REACHABLE FROM OUTSIDE.

   OUTGOING TRANSITIONS:
      00000000000000000000000000000000000000000000000000000000000000000000000000000000010000000000000000000000000000000000000000000000

   INCOMING TRANSITIONS:
      00000000000000000000000000000000000000000000000000000000000000000000000000000000000000100000000000000000000000000000000000000000
      00000000000000000000000000000000000000000000000000000000000000000000000000000000000100000000000000000000000000000000000000000000


00000000000000000000000000000000000000000000000000000000000000000000000000000000010000000000000000000000000000000000000000000000 : FSM STATE NOT REACHABLE FROM OUTSIDE.

   OUTGOING TRANSITIONS:
      00000000000000000000000000000000000000000000000000000000000000000000000000000000100000000000000000000000000000000000000000000000

   INCOMING TRANSITIONS:
      00000000000000000000000000000000000000000000000000000000000000000000000000000000001000000000000000000000000000000000000000000000


00000000000000000000000000000000000000000000000000000000000000000000000000000000000000000000000000000000000000000000000010000000 : FSM STATE NOT REACHABLE FROM OUTSIDE.

   OUTGOING TRANSITIONS:
      00000000000000000000000000000000000000000000000000000000000000000000000000000000000000000000000000000000000000100000000000000000
      00000000000000000000000000000000000000000000000000000000000000000000000000000000000000000000000000000000000000000000000100000000

   INCOMING TRANSITIONS:
      00000000000000000000000000000000000000000000000000000000000000000000000000000000000000000000000000000000000000000000000001000000
      00000000000000000000000000000000000000000000000000000000000000000000000000000000000000000000000000000000000000100000000000000000


00000000000000000000000000000000000000000000000000000000000000000000000000000000000000000000000000000000000000000000000100000000 : FSM STATE NOT REACHABLE FROM OUTSIDE.

   OUTGOING TRANSITIONS:
      00000000000000000000000000000000000000000000000000000000000000000000000000000000000000000000000000000000000000000000001000000000

   INCOMING TRANSITIONS:
      00000000000000000000000000000000000000000000000000000000000000000000000000000000000000000000000000000000000000000000000010000000
      00000000000000000000000000000000000000000000000000000000000000000000000000000000000000000000000000000000000000010000000000000000


00000000000000000000000000000000000000000000000000000000000000000000000000000000000000000000000000000000000000000000100000000000 : FSM STATE NOT REACHABLE FROM OUTSIDE.

   OUTGOING TRANSITIONS:
      00000000000000000000000000000000000000000000000000000000000000000000000000000000000000000000000000000000000000000001000000000000

   INCOMING TRANSITIONS:
      00000000000000000000000000000000000000000000000000000000000000000000000000000000000000000000000000000000000000000000010000000000


00000000000000000000000000000000000000000000000000000000000000000000000000000000000000000000000000000000000000000001000000000000 : FSM STATE NOT REACHABLE FROM OUTSIDE.

   OUTGOING TRANSITIONS:
      00000000000000000000000000000000000000000000000000000000000000000000000000000000000000000000000000000000000000000010000000000000

   INCOMING TRANSITIONS:
      00000000000000000000000000000000000000000000000000000000000000000000000000000000000000000000000000000000000000000000100000000000


00000000000000000000000000000000000000000000000000000000000000000000001000000000000000000000000000000000000000000000000000000000 : FSM STATE NOT REACHABLE FROM OUTSIDE.

   OUTGOING TRANSITIONS:
      00000000000000000000000000000000000000000000000000000000000000000000010000000000000000000000000000000000000000000000000000000000
      00000000000000000000000000000000000000000000000000000000000000000000000100000000000000000000000000000000000000000000000000000000

   INCOMING TRANSITIONS:
      00000000000000000000000000000000000000000000000000000000000000000000000100000000000000000000000000000000000000000000000000000000


00000000000000000000000000000000000000000000000000000000000000000000010000000000000000000000000000000000000000000000000000000000 : FSM STATE NOT REACHABLE FROM OUTSIDE.

   OUTGOING TRANSITIONS:
      00000000000000000000000000000000000000000000000000000000000000000000000000010000000000000000000000000000000000000000000000000000

   INCOMING TRANSITIONS:
      00000000000000000000000000000000000000000000000000000000000000000000000000100000000000000000000000000000000000000000000000000000
      00000000000000000000000000000000000000000000000000000000000000000000000010000000000000000000000000000000000000000000000000000000
      00000000000000000000000000000000000000000000000000000000000000000000001000000000000000000000000000000000000000000000000000000000


00000000001000000000000000000000000000000000000000000000000000000000000000000000000000000000000000000000000000000000000000000000 : FSM STATE NOT REACHABLE FROM OUTSIDE.

   OUTGOING TRANSITIONS:
      00000000010000000000000000000000000000000000000000000000000000000000000000000000000000000000000000000000000000000000000000000000

   INCOMING TRANSITIONS:
      00000000000100000000000000000000000000000000000000000000000000000000000000000000000000000000000000000000000000000000000000000000


00000000010000000000000000000000000000000000000000000000000000000000000000000000000000000000000000000000000000000000000000000000 : FSM STATE NOT REACHABLE FROM OUTSIDE.

   OUTGOING TRANSITIONS:
      00000000000000000100000000000000000000000000000000000000000000000000000000000000000000000000000000000000000000000000000000000000

   INCOMING TRANSITIONS:
      00000000001000000000000000000000000000000000000000000000000000000000000000000000000000000000000000000000000000000000000000000000


00000000000000000000000000000000000000000000000010000000000000000000000000000000000000000000000000000000000000000000000000000000 : FSM STATE NOT REACHABLE FROM OUTSIDE.

   OUTGOING TRANSITIONS:
      00000000000000000000000000000000000000000000000100000000000000000000000000000000000000000000000000000000000000000000000000000000

   INCOMING TRANSITIONS:
      00000000000000000000000000000000000000000000000001000000000000000000000000000000000000000000000000000000000000000000000000000000


00000000000000000000000000000000000000000000000100000000000000000000000000000000000000000000000000000000000000000000000000000000 : FSM STATE NOT REACHABLE FROM OUTSIDE.

   OUTGOING TRANSITIONS:
      00000000000000000000000000000000000000000000001000000000000000000000000000000000000000000000000000000000000000000000000000000000
      00000000000000000000000000000000000000000000000001000000000000000000000000000000000000000000000000000000000000000000000000000000

   INCOMING TRANSITIONS:
      00000000000000000000000000000000000000000000000010000000000000000000000000000000000000000000000000000000000000000000000000000000


00000000000000000000000000000000000000000000000000000000000000000000000000000000000000000000000000100000000000000000000000000000 : FSM STATE NOT REACHABLE FROM OUTSIDE.

   OUTGOING TRANSITIONS:
      00000000000000000000000000000000000000000000000000000000000000000000000000000000000000000000000001000000000000000000000000000000
      00000000000000000000000000000000000000000000000000000000000000000000000000000000000000000000000000000000000010000000000000000000

   INCOMING TRANSITIONS:
      00000000000000000000000000000000000000000000000000000000000000000000000000000000000000000000000000000000000010000000000000000000
      00000000000000000000000000000000000000000000000000000000000000000000000000000000000000000000000000010000000000000000000000000000


00000000000000000000000000000000000000000000000000000000000000000000000000000000000000000000000001000000000000000000000000000000 : FSM STATE NOT REACHABLE FROM OUTSIDE.

   OUTGOING TRANSITIONS:
      00000000000000000000000000000000000000000000000000000000000000000000000000000000000000000001000000000000000000000000000000000000
      00000000000000000000000000000000000000000000000000000000000000000000000000000000000000000000000010000000000000000000000000000000

   INCOMING TRANSITIONS:
      00000000000000000000000000000000000000000000000000000000000000000000000000000000000000000000000000000000000001000000000000000000
      00000000000000000000000000000000000000000000000000000000000000000000000000000000000000000000000000100000000000000000000000000000


00000000000000000000100000000000000000000000000000000000000000000000000000000000000000000000000000000000000000000000000000000000 : FSM STATE NOT REACHABLE FROM OUTSIDE.

   OUTGOING TRANSITIONS:
      00000000000000000000000000000010000000000000000000000000000000000000000000000000000000000000000000000000000000000000000000000000

   INCOMING TRANSITIONS:
      00000000000000000000000000000100000000000000000000000000000000000000000000000000000000000000000000000000000000000000000000000000


00000000000000000001000000000000000000000000000000000000000000000000000000000000000000000000000000000000000000000000000000000000 : FSM STATE NOT REACHABLE FROM OUTSIDE.

   OUTGOING TRANSITIONS:
      00000001000000000000000000000000000000000000000000000000000000000000000000000000000000000000000000000000000000000000000000000000
      00000000000000000010000000000000000000000000000000000000000000000000000000000000000000000000000000000000000000000000000000000000

   INCOMING TRANSITIONS:
      00000000000000000000000000000010000000000000000000000000000000000000000000000000000000000000000000000000000000000000000000000000


00000000000000000000000000000000000000000000000000000000000000000000000000000000000000000000000000000000100000000000000000000000 : FSM STATE NOT REACHABLE FROM OUTSIDE.

   OUTGOING TRANSITIONS:
      00000000000000000000000000000000000000000000000000000000000000000000000000000000000000000000000000000001000000000000000000000000

   INCOMING TRANSITIONS:
      00000000000000000000000000000000000000000000000000000000000000000000000000000000000000000000000000000000010000000000000000000000


00000000000000000000000000000000000000000000000000000000000000000000000000000000000000000000000000000001000000000000000000000000 : FSM STATE NOT REACHABLE FROM OUTSIDE.

   OUTGOING TRANSITIONS:
      00000000000000000000000000000000000000000000000000000000000000000000000000000000000000000000000000000010000000000000000000000000

   INCOMING TRANSITIONS:
      00000000000000000000000000000000000000000000000000000000000000000000000000000000000000000000000000000000100000000000000000000000


00000000000000000000000000000000000000000010000000000000000000000000000000000000000000000000000000000000000000000000000000000000 : FSM STATE NOT REACHABLE FROM OUTSIDE.

   OUTGOING TRANSITIONS:
      00000000000000000000000000000000000000000100000000000000000000000000000000000000000000000000000000000000000000000000000000000000

   INCOMING TRANSITIONS:
      00000000000000000000000000000000000000000001000000000000000000000000000000000000000000000000000000000000000000000000000000000000


00000000000000000000000000000000000000000100000000000000000000000000000000000000000000000000000000000000000000000000000000000000 : FSM STATE NOT REACHABLE FROM OUTSIDE.

   OUTGOING TRANSITIONS:
      00000000000000000000000000000000000000001000000000000000000000000000000000000000000000000000000000000000000000000000000000000000

   INCOMING TRANSITIONS:
      00000000000000000000000000000000000000000010000000000000000000000000000000000000000000000000000000000000000000000000000000000000


00000000000000000000000000000000000000000000000000000000000000000000000000100000000000000000000000000000000000000000000000000000 : FSM STATE NOT REACHABLE FROM OUTSIDE.

   OUTGOING TRANSITIONS:
      00000000000000000000000000000000000000000000000000000000000000000000010000000000000000000000000000000000000000000000000000000000
      00000000000000000000000000000000000000000000000000000000000000000000000001000000000000000000000000000000000000000000000000000000
      00000000000000000000000000000000000000000000000000000000000000000000000100000000000000000000000000000000000000000000000000000000

   INCOMING TRANSITIONS:
      00000000000000000000000000000000000000000000000000000000000000000000000000010000000000000000000000000000000000000000000000000000


00000000000000000000000000000000000000000000000000000000000000000000000001000000000000000000000000000000000000000000000000000000 : FSM STATE NOT REACHABLE FROM OUTSIDE.

   OUTGOING TRANSITIONS:
      00000000000000000000000000000000000000000000000000000000000000000000000010000000000000000000000000000000000000000000000000000000

   INCOMING TRANSITIONS:
      00000000000000000000000000000000000000000000000000000000000000000000000000100000000000000000000000000000000000000000000000000000
      00000000000000000000000000000000000000000000000000000000000000000000000010000000000000000000000000000000000000000000000000000000


00000000000000000000000000000010000000000000000000000000000000000000000000000000000000000000000000000000000000000000000000000000 : FSM STATE NOT REACHABLE FROM OUTSIDE.

   OUTGOING TRANSITIONS:
      00000000000000000001000000000000000000000000000000000000000000000000000000000000000000000000000000000000000000000000000000000000
      00000000000000000000000000000100000000000000000000000000000000000000000000000000000000000000000000000000000000000000000000000000

   INCOMING TRANSITIONS:
      00000000000000000000000000000001000000000000000000000000000000000000000000000000000000000000000000000000000000000000000000000000
      00000000000000000000100000000000000000000000000000000000000000000000000000000000000000000000000000000000000000000000000000000000


00000000000000000000000000000100000000000000000000000000000000000000000000000000000000000000000000000000000000000000000000000000 : FSM STATE NOT REACHABLE FROM OUTSIDE.

   OUTGOING TRANSITIONS:
      00000000000000000000100000000000000000000000000000000000000000000000000000000000000000000000000000000000000000000000000000000000
      00000000000000000000000000001000000000000000000000000000000000000000000000000000000000000000000000000000000000000000000000000000

   INCOMING TRANSITIONS:
      00000000000000000000000000000010000000000000000000000000000000000000000000000000000000000000000000000000000000000000000000000000
      00000000000000000000010000000000000000000000000000000000000000000000000000000000000000000000000000000000000000000000000000000000


00000000100000000000000000000000000000000000000000000000000000000000000000000000000000000000000000000000000000000000000000000000 : FSM STATE NOT REACHABLE FROM OUTSIDE.

   OUTGOING TRANSITIONS:
      00000000000000000010000000000000000000000000000000000000000000000000000000000000000000000000000000000000000000000000000000000000

   INCOMING TRANSITIONS:
      00000000000000000100000000000000000000000000000000000000000000000000000000000000000000000000000000000000000000000000000000000000


00000001000000000000000000000000000000000000000000000000000000000000000000000000000000000000000000000000000000000000000000000000 : FSM STATE NOT REACHABLE FROM OUTSIDE.

   OUTGOING TRANSITIONS:
      01000000000000000000000000000000000000000000000000000000000000000000000000000000000000000000000000000000000000000000000000000000
      00000010000000000000000000000000000000000000000000000000000000000000000000000000000000000000000000000000000000000000000000000000

   INCOMING TRANSITIONS:
      00000000000000000001000000000000000000000000000000000000000000000000000000000000000000000000000000000000000000000000000000000000
      00000000000000000010000000000000000000000000000000000000000000000000000000000000000000000000000000000000000000000000000000000000


00000000000000000000000000000000000000000000000000000000000000000000000000000000000000000000000000000000000000000000001000000000 : FSM STATE NOT REACHABLE FROM OUTSIDE.

   OUTGOING TRANSITIONS:
      00000000000000000000000000000000000000000000000000000000000000000000000000000000000000000000000000000000000000000000010000000000

   INCOMING TRANSITIONS:
      00000000000000000000000000000000000000000000000000000000000000000000000000000000000000000000000000000000000000000000000100000000


00000000000000000000000000000000000000000000000000000000000000000000000000000000000000000000000000000000000000000000010000000000 : FSM STATE NOT REACHABLE FROM OUTSIDE.

   OUTGOING TRANSITIONS:
      00000000000000000000000000000000000000000000000000000000000000000000000000000000000000000000000000000000000000000000100000000000

   INCOMING TRANSITIONS:
      00000000000000000000000000000000000000000000000000000000000000000000000000000000000000000000000000000000000000000000001000000000


00000000000000000000000000000000000000000000000000000000000000000000000010000000000000000000000000000000000000000000000000000000 : FSM STATE NOT REACHABLE FROM OUTSIDE.

   OUTGOING TRANSITIONS:
      00000000000000000000000000000000000000000000000000000000000000000000010000000000000000000000000000000000000000000000000000000000
      00000000000000000000000000000000000000000000000000000000000000000000000001000000000000000000000000000000000000000000000000000000

   INCOMING TRANSITIONS:
      00000000000000000000000000000000000000000000000000000000000000000000000001000000000000000000000000000000000000000000000000000000


00000000000000000000000000000000000000000000000000000000000000000000000100000000000000000000000000000000000000000000000000000000 : FSM STATE NOT REACHABLE FROM OUTSIDE.

   OUTGOING TRANSITIONS:
      00000000000000000000000000000000000000000000000000000000000000000000001000000000000000000000000000000000000000000000000000000000

   INCOMING TRANSITIONS:
      00000000000000000000000000000000000000000000000000000000000000000000000000100000000000000000000000000000000000000000000000000000
      00000000000000000000000000000000000000000000000000000000000000000000001000000000000000000000000000000000000000000000000000000000


00000000000000000010000000000000000000000000000000000000000000000000000000000000000000000000000000000000000000000000000000000000 : FSM STATE NOT REACHABLE FROM OUTSIDE.

   OUTGOING TRANSITIONS:
      00000001000000000000000000000000000000000000000000000000000000000000000000000000000000000000000000000000000000000000000000000000
      00000000000000000100000000000000000000000000000000000000000000000000000000000000000000000000000000000000000000000000000000000000

   INCOMING TRANSITIONS:
      00000000000000000001000000000000000000000000000000000000000000000000000000000000000000000000000000000000000000000000000000000000
      00000000100000000000000000000000000000000000000000000000000000000000000000000000000000000000000000000000000000000000000000000000


00000000000000000100000000000000000000000000000000000000000000000000000000000000000000000000000000000000000000000000000000000000 : FSM STATE NOT REACHABLE FROM OUTSIDE.

   OUTGOING TRANSITIONS:
      00000000100000000000000000000000000000000000000000000000000000000000000000000000000000000000000000000000000000000000000000000000
      00000000000000001000000000000000000000000000000000000000000000000000000000000000000000000000000000000000000000000000000000000000

   INCOMING TRANSITIONS:
      00000000000000000010000000000000000000000000000000000000000000000000000000000000000000000000000000000000000000000000000000000000
      00000000010000000000000000000000000000000000000000000000000000000000000000000000000000000000000000000000000000000000000000000000


00000000000000000000000000000000000000000000000000000000000000000000000000001000000000000000000000000000000000000000000000000000 : FSM STATE NOT REACHABLE FROM OUTSIDE.

   OUTGOING TRANSITIONS:
      00000000000000000000000000000000000000000000000000000000000000000000000000010000000000000000000000000000000000000000000000000000

   INCOMING TRANSITIONS:
      00000000000000000000000000000000000000000000000000000000000000000000000000000100000000000000000000000000000000000000000000000000


00000000000000000000000000000000000000000000000000000000000000000000000000010000000000000000000000000000000000000000000000000000 : FSM STATE NOT REACHABLE FROM OUTSIDE.

   OUTGOING TRANSITIONS:
      00000000000000000000000000000000000000000000000000000000000000000000100000000000000000000000000000000000000000000000000000000000
      00000000000000000000000000000000000000000000000000000000000000000000000000100000000000000000000000000000000000000000000000000000
      00000000000000000000000000000000000000000000000000000000000000000000000000000000000000000100000000000000000000000000000000000000

   INCOMING TRANSITIONS:
      00000000000000000000000000000000000000000000000000000000000000000000000000001000000000000000000000000000000000000000000000000000
      00000000000000000000000000000000000000000000000000000000000000000000010000000000000000000000000000000000000000000000000000000000


00001000000000000000000000000000000000000000000000000000000000000000000000000000000000000000000000000000000000000000000000000000 : FSM STATE NOT REACHABLE FROM OUTSIDE.

   OUTGOING TRANSITIONS:
      00010000000000000000000000000000000000000000000000000000000000000000000000000000000000000000000000000000000000000000000000000000

   INCOMING TRANSITIONS:
      00000100000000000000000000000000000000000000000000000000000000000000000000000000000000000000000000000000000000000000000000000000


00010000000000000000000000000000000000000000000000000000000000000000000000000000000000000000000000000000000000000000000000000000 : FSM STATE NOT REACHABLE FROM OUTSIDE.

   OUTGOING TRANSITIONS:
      00100000000000000000000000000000000000000000000000000000000000000000000000000000000000000000000000000000000000000000000000000000
      00000100000000000000000000000000000000000000000000000000000000000000000000000000000000000000000000000000000000000000000000000000

   INCOMING TRANSITIONS:
      00001000000000000000000000000000000000000000000000000000000000000000000000000000000000000000000000000000000000000000000000000000


00000000000000000000000000000000000000000000000000000000000000000000000000000000000000000000000000000000000000000000000000000001 : STATE IS REACHABLE FROM OUTSIDE.

   OUTGOING TRANSITIONS:
      00000000000000000000000000000000000000000000000000000000000000000000000000000000000000000000000000000000000000000000000000000010

   INCOMING TRANSITIONS:
      10000000000000000000000000000000000000000000000000000000000000000000000000000000000000000000000000000000000000000000000000000000


00000000000000000000000000000000000000000000000000000000000000001000000000000000000000000000000000000000000000000000000000000000 : FSM STATE NOT REACHABLE FROM OUTSIDE.

   OUTGOING TRANSITIONS:
      00000000000000000000000000000000000000000000000000000000000000010000000000000000000000000000000000000000000000000000000000000000

   INCOMING TRANSITIONS:
      00000000000000000000000000000000000000000000000000000000000000000001000000000000000000000000000000000000000000000000000000000000
      00000000000000000000000000000000000000000000000000000000000000010000000000000000000000000000000000000000000000000000000000000000


00000000000000000000000000000000000000000000000000000000000000010000000000000000000000000000000000000000000000000000000000000000 : FSM STATE NOT REACHABLE FROM OUTSIDE.

   OUTGOING TRANSITIONS:
      00000000000000000000000000000000100000000000000000000000000000000000000000000000000000000000000000000000000000000000000000000000
      00000000000000000000000000000000000000000000000000000000000000100000000000000000000000000000000000000000000000000000000000000000
      00000000000000000000000000000000000000000000000000000000000000001000000000000000000000000000000000000000000000000000000000000000

   INCOMING TRANSITIONS:
      00000000000000000000000000000000000000000000000000000000000000001000000000000000000000000000000000000000000000000000000000000000


