FSM 1 : VALID TRANSITION GRAPH

0000000000000000000000000000000000000000000010000000000000000 : FSM STATE NOT REACHABLE FROM OUTSIDE.

   OUTGOING TRANSITIONS:
      0000000000000000000000000000000000000000000100000000000000000

   INCOMING TRANSITIONS:
      0000000000000000000000000000000000000000000001000000000000000


0000000000000000000000000000000000000000000100000000000000000 : FSM STATE NOT REACHABLE FROM OUTSIDE.

   OUTGOING TRANSITIONS:
      0000000000000000000000000000000000000000001000000000000000000

   INCOMING TRANSITIONS:
      0000000000000000000000000000000000000000000010000000000000000


0000000000000000000010000000000000000000000000000000000000000 : FSM STATE NOT REACHABLE FROM OUTSIDE.

   OUTGOING TRANSITIONS:
      0000000000000000000100000000000000000000000000000000000000000

   INCOMING TRANSITIONS:
      0000000000000000000001000000000000000000000000000000000000000
      0000000000001000000000000000000000000000000000000000000000000


0000000000000000000100000000000000000000000000000000000000000 : FSM STATE NOT REACHABLE FROM OUTSIDE.

   OUTGOING TRANSITIONS:
      0000000000000000001000000000000000000000000000000000000000000

   INCOMING TRANSITIONS:
      0000000000000000000010000000000000000000000000000000000000000


0000000000000000000000000000000000000000000000000000001000000 : FSM STATE NOT REACHABLE FROM OUTSIDE.

   OUTGOING TRANSITIONS:
      0000000000000000000000000000000000000000000000000000010000000

   INCOMING TRANSITIONS:
      0000000000000000000000000000000000000000000000000000000100000


0000000000000000000000000000000000000000000000000000010000000 : FSM STATE NOT REACHABLE FROM OUTSIDE.

   OUTGOING TRANSITIONS:
      0000000000000000000000000000000000000000000000000100000000000
      0000000000000000000000000000000000000000000000000000100000000

   INCOMING TRANSITIONS:
      0000000000000000000000000000000000000000000000000000001000000


0000000000000000000000000000000000000010000000000000000000000 : FSM STATE NOT REACHABLE FROM OUTSIDE.

   OUTGOING TRANSITIONS:
      0000000000000000000000000000000000000100000000000000000000000

   INCOMING TRANSITIONS:
      0000000000000000000000000000000000000000010000000000000000000
      0000000000000000000000000000000000000100000000000000000000000


0000000000000000000000000000000000000100000000000000000000000 : FSM STATE NOT REACHABLE FROM OUTSIDE.

   OUTGOING TRANSITIONS:
      0000000000000000000000000000000000001000000000000000000000000
      0000000000000000000000000000000000000010000000000000000000000

   INCOMING TRANSITIONS:
      0000000000000000000000000000000000000010000000000000000000000


0000000000100000000000000000000000000000000000000000000000000 : FSM STATE NOT REACHABLE FROM OUTSIDE.

   OUTGOING TRANSITIONS:
      0000000001000000000000000000000000000000000000000000000000000

   INCOMING TRANSITIONS:
      0000000000010000000000000000000000000000000000000000000000000


0000000001000000000000000000000000000000000000000000000000000 : FSM STATE NOT REACHABLE FROM OUTSIDE.

   OUTGOING TRANSITIONS:
      0000000010000000000000000000000000000000000000000000000000000

   INCOMING TRANSITIONS:
      0000000000100000000000000000000000000000000000000000000000000


0000000000000000000000000000000000000000001000000000000000000 : FSM STATE NOT REACHABLE FROM OUTSIDE.

   OUTGOING TRANSITIONS:
      0000000000000000000000000000000000010000000000000000000000000
      0000000000000000000000000000000000000000010000000000000000000
      0000000000000000000000000000000000000000000000000000000010000

   INCOMING TRANSITIONS:
      0000000000000000000000000000000000000000000100000000000000000
      0000000000000000000000000000000000001000000000000000000000000


0000000000000000000000000000000000000000010000000000000000000 : FSM STATE NOT REACHABLE FROM OUTSIDE.

   OUTGOING TRANSITIONS:
      0000000000000000000000000000000000001000000000000000000000000
      0000000000000000000000000000000000000000100000000000000000000
      0000000000000000000000000000000000000010000000000000000000000

   INCOMING TRANSITIONS:
      0000000000000000000000000000000000000000001000000000000000000


0000000000000000000000000000000000100000000000000000000000000 : FSM STATE NOT REACHABLE FROM OUTSIDE.

   OUTGOING TRANSITIONS:
      0000000000000000000000000000010000000000000000000000000000000
      0000000000000000000000000000000001000000000000000000000000000
      0000000000000000000000000000000100000000000000000000000000000

   INCOMING TRANSITIONS:
      0000000000000000000000000000000000010000000000000000000000000


0000000000000000000000000000000001000000000000000000000000000 : FSM STATE NOT REACHABLE FROM OUTSIDE.

   OUTGOING TRANSITIONS:
      0000000000000000000000000000000010000000000000000000000000000

   INCOMING TRANSITIONS:
      0000000000000000000000000000000000100000000000000000000000000
      0000000000000000000000000000000010000000000000000000000000000


0000000000000000000000000000000000000000000000000000000010000 : FSM STATE NOT REACHABLE FROM OUTSIDE.

   OUTGOING TRANSITIONS:
      0000000000000000000000000000000000000000000000000000000100000

   INCOMING TRANSITIONS:
      0000000000000000000000000000000000000000000000000000000001000
      0000000000000000000000000000000000000000001000000000000000000


0000000000000000000000000000000000000000000000000000000100000 : FSM STATE NOT REACHABLE FROM OUTSIDE.

   OUTGOING TRANSITIONS:
      0000000000000000000000000000000000000000000000000000001000000

   INCOMING TRANSITIONS:
      0000000000000000000000000000000000000000000000000000000010000


0000000000000000001000000000000000000000000000000000000000000 : FSM STATE NOT REACHABLE FROM OUTSIDE.

   OUTGOING TRANSITIONS:
      0000000000000000010000000000000000000000000000000000000000000

   INCOMING TRANSITIONS:
      0000000000000000000100000000000000000000000000000000000000000


0000000000000000010000000000000000000000000000000000000000000 : FSM STATE NOT REACHABLE FROM OUTSIDE.

   OUTGOING TRANSITIONS:
      0000000000000100000000000000000000000000000000000000000000000
      0000000000000000100000000000000000000000000000000000000000000

   INCOMING TRANSITIONS:
      0000000000000000001000000000000000000000000000000000000000000


0000000000000000100000000000000000000000000000000000000000000 : FSM STATE NOT REACHABLE FROM OUTSIDE.

   OUTGOING TRANSITIONS:
      0000000000000001000000000000000000000000000000000000000000000

   INCOMING TRANSITIONS:
      0000000000000000010000000000000000000000000000000000000000000
      0000000000000010000000000000000000000000000000000000000000000


0000000000000001000000000000000000000000000000000000000000000 : FSM STATE NOT REACHABLE FROM OUTSIDE.

   OUTGOING TRANSITIONS:
      0000000000000010000000000000000000000000000000000000000000000

   INCOMING TRANSITIONS:
      0000000000000000100000000000000000000000000000000000000000000


0000000000000000000000100000000000000000000000000000000000000 : FSM STATE NOT REACHABLE FROM OUTSIDE.

   OUTGOING TRANSITIONS:
      0000000000000000000001000000000000000000000000000000000000000

   INCOMING TRANSITIONS:
      0000000000000000000000010000000000000000000000000000000000000


0000000000000000000001000000000000000000000000000000000000000 : FSM STATE NOT REACHABLE FROM OUTSIDE.

   OUTGOING TRANSITIONS:
      0000000000000000000010000000000000000000000000000000000000000

   INCOMING TRANSITIONS:
      0000000000000000000000100000000000000000000000000000000000000


0000000000001000000000000000000000000000000000000000000000000 : FSM STATE NOT REACHABLE FROM OUTSIDE.

   OUTGOING TRANSITIONS:
      0000000000010000000000000000000000000000000000000000000000000
      0000000000000000000010000000000000000000000000000000000000000

   INCOMING TRANSITIONS:
      0000000000000100000000000000000000000000000000000000000000000


0000000000010000000000000000000000000000000000000000000000000 : FSM STATE NOT REACHABLE FROM OUTSIDE.

   OUTGOING TRANSITIONS:
      0100000000000000000000000000000000000000000000000000000000000
      0000000000100000000000000000000000000000000000000000000000000

   INCOMING TRANSITIONS:
      0000000000001000000000000000000000000000000000000000000000000


0000000000000010000000000000000000000000000000000000000000000 : FSM STATE NOT REACHABLE FROM OUTSIDE.

   OUTGOING TRANSITIONS:
      0000000000000100000000000000000000000000000000000000000000000
      0000000000000000100000000000000000000000000000000000000000000

   INCOMING TRANSITIONS:
      0000000000000001000000000000000000000000000000000000000000000


0000000000000100000000000000000000000000000000000000000000000 : FSM STATE NOT REACHABLE FROM OUTSIDE.

   OUTGOING TRANSITIONS:
      0000000000001000000000000000000000000000000000000000000000000

   INCOMING TRANSITIONS:
      0000000000000000010000000000000000000000000000000000000000000
      0000000000000010000000000000000000000000000000000000000000000


0000000000000000000000000000000000000000000000000000100000000 : FSM STATE NOT REACHABLE FROM OUTSIDE.

   OUTGOING TRANSITIONS:
      0000000000000000000000000000000000000000000000000001000000000

   INCOMING TRANSITIONS:
      0000000000000000000000000000000000000000000000000000010000000
      0000000000000000000000000000000000000000000000000010000000000


0000000000000000000000000000000000000000000000000001000000000 : FSM STATE NOT REACHABLE FROM OUTSIDE.

   OUTGOING TRANSITIONS:
      0000000000000000000000000000000000000000000000000010000000000

   INCOMING TRANSITIONS:
      0000000000000000000000000000000000000000000000000000100000000


0000000000000000000000000000000000000000000000001000000000000 : FSM STATE NOT REACHABLE FROM OUTSIDE.

   OUTGOING TRANSITIONS:
      0000000000000000000000000000000000000000000000010000000000000

   INCOMING TRANSITIONS:
      0000000000000000000000000000000000000000000000000100000000000


0000000000000000000000000000000000000000000000010000000000000 : FSM STATE NOT REACHABLE FROM OUTSIDE.

   OUTGOING TRANSITIONS:
      0000000000000000000000000000000000000000000000100000000000000

   INCOMING TRANSITIONS:
      0000000000000000000000000000000000000000000000001000000000000


0010000000000000000000000000000000000000000000000000000000000 : FSM STATE NOT REACHABLE FROM OUTSIDE.

   OUTGOING TRANSITIONS:
      0000000000000000000000000001000000000000000000000000000000000

   INCOMING TRANSITIONS:
      0000100000000000000000000000000000000000000000000000000000000


0100000000000000000000000000000000000000000000000000000000000 : FSM STATE NOT REACHABLE FROM OUTSIDE.

   OUTGOING TRANSITIONS:
      1000000000000000000000000000000000000000000000000000000000000

   INCOMING TRANSITIONS:
      0000000000010000000000000000000000000000000000000000000000000


0000000000000000000000000000001000000000000000000000000000000 : FSM STATE NOT REACHABLE FROM OUTSIDE.

   OUTGOING TRANSITIONS:
      0000000000000000000000000000010000000000000000000000000000000
      0000000000000000000000000000000100000000000000000000000000000

   INCOMING TRANSITIONS:
      0000000000000000000000000000000100000000000000000000000000000


0000000000000000000000000000010000000000000000000000000000000 : FSM STATE NOT REACHABLE FROM OUTSIDE.

   OUTGOING TRANSITIONS:
      0000000000000000000000000000100000000000000000000000000000000

   INCOMING TRANSITIONS:
      0000000000000000000000000000000000100000000000000000000000000
      0000000000000000000000000000000010000000000000000000000000000
      0000000000000000000000000000001000000000000000000000000000000
      0000000000000000000000000000100000000000000000000000000000000


0000000000000000000000000000000000001000000000000000000000000 : FSM STATE NOT REACHABLE FROM OUTSIDE.

   OUTGOING TRANSITIONS:
      0000000000000000000000000000000000000000001000000000000000000

   INCOMING TRANSITIONS:
      0000000000000000000000000000000000000000010000000000000000000
      0000000000000000000000000000000000000001000000000000000000000
      0000000000000000000000000000000000000100000000000000000000000


0000000000000000000000000000000000010000000000000000000000000 : FSM STATE NOT REACHABLE FROM OUTSIDE.

   OUTGOING TRANSITIONS:
      0000000000000000000000000000000000100000000000000000000000000

   INCOMING TRANSITIONS:
      0000000000000000000000000000000000000000001000000000000000000


0000001000000000000000000000000000000000000000000000000000000 : FSM STATE NOT REACHABLE FROM OUTSIDE.

   OUTGOING TRANSITIONS:
      0000010000000000000000000000000000000000000000000000000000000

   INCOMING TRANSITIONS:
      0000000100000000000000000000000000000000000000000000000000000


0000010000000000000000000000000000000000000000000000000000000 : FSM STATE NOT REACHABLE FROM OUTSIDE.

   OUTGOING TRANSITIONS:
      0000100000000000000000000000000000000000000000000000000000000

   INCOMING TRANSITIONS:
      0000001000000000000000000000000000000000000000000000000000000


0000000000000000000000000000000000000000000000000010000000000 : FSM STATE NOT REACHABLE FROM OUTSIDE.

   OUTGOING TRANSITIONS:
      0000000000000000000000000000000000000000000000000100000000000
      0000000000000000000000000000000000000000000000000000100000000

   INCOMING TRANSITIONS:
      0000000000000000000000000000000000000000000000000001000000000


0000000000000000000000000000000000000000000000000100000000000 : FSM STATE NOT REACHABLE FROM OUTSIDE.

   OUTGOING TRANSITIONS:
      0000000000000000000000000000000000000000000000001000000000000

   INCOMING TRANSITIONS:
      0000000000000000000000000000000000000000000000000000010000000
      0000000000000000000000000000000000000000000000000010000000000


0000100000000000000000000000000000000000000000000000000000000 : FSM STATE NOT REACHABLE FROM OUTSIDE.

   OUTGOING TRANSITIONS:
      0010000000000000000000000000000000000000000000000000000000000
      0001000000000000000000000000000000000000000000000000000000000

   INCOMING TRANSITIONS:
      0000010000000000000000000000000000000000000000000000000000000
      0001000000000000000000000000000000000000000000000000000000000


0001000000000000000000000000000000000000000000000000000000000 : FSM STATE NOT REACHABLE FROM OUTSIDE.

   OUTGOING TRANSITIONS:
      0000100000000000000000000000000000000000000000000000000000000

   INCOMING TRANSITIONS:
      0000100000000000000000000000000000000000000000000000000000000


0000000010000000000000000000000000000000000000000000000000000 : FSM STATE NOT REACHABLE FROM OUTSIDE.

   OUTGOING TRANSITIONS:
      0000000100000000000000000000000000000000000000000000000000000

   INCOMING TRANSITIONS:
      0000000001000000000000000000000000000000000000000000000000000


0000000100000000000000000000000000000000000000000000000000000 : FSM STATE NOT REACHABLE FROM OUTSIDE.

   OUTGOING TRANSITIONS:
      0000001000000000000000000000000000000000000000000000000000000

   INCOMING TRANSITIONS:
      0000000010000000000000000000000000000000000000000000000000000


0000000000000000000000000000000000000000000000000000000000001 : STATE IS REACHABLE FROM OUTSIDE.

   OUTGOING TRANSITIONS:
      0000000000000000000000000000000000000000000000000000000000010

   INCOMING TRANSITIONS:
      1000000000000000000000000000000000000000000000000000000000000


0000000000000000000000000000000000000000000000000000000000010 : FSM STATE NOT REACHABLE FROM OUTSIDE.

   OUTGOING TRANSITIONS:
      0000000000000000000000000000000000000000000000000000000000100

   INCOMING TRANSITIONS:
      0000000000000000000000000000000000000000000000000000000000001


0000000000000000000000000000000000000000000000100000000000000 : FSM STATE NOT REACHABLE FROM OUTSIDE.

   OUTGOING TRANSITIONS:
      0000000000000000000000000000000000000000000001000000000000000

   INCOMING TRANSITIONS:
      0000000000000000000000000000000000000000000000010000000000000


0000000000000000000000000000000000000000000001000000000000000 : FSM STATE NOT REACHABLE FROM OUTSIDE.

   OUTGOING TRANSITIONS:
      0000000000000000000000000000000000000000000010000000000000000

   INCOMING TRANSITIONS:
      0000000000000000000000000000000000000000000000100000000000000


1000000000000000000000000000000000000000000000000000000000000 : FSM STATE NOT REACHABLE FROM OUTSIDE.

   OUTGOING TRANSITIONS:
      0000000000000000000000000000000000000000000000000000000000001

   INCOMING TRANSITIONS:
      0100000000000000000000000000000000000000000000000000000000000


0000000000000000000000000000000000000000100000000000000000000 : FSM STATE NOT REACHABLE FROM OUTSIDE.

   OUTGOING TRANSITIONS:
      0000000000000000000000000000000000000001000000000000000000000

   INCOMING TRANSITIONS:
      0000000000000000000000000000000000000000010000000000000000000
      0000000000000000000000000000000000000001000000000000000000000


0000000000000000000000000000000000000001000000000000000000000 : FSM STATE NOT REACHABLE FROM OUTSIDE.

   OUTGOING TRANSITIONS:
      0000000000000000000000000000000000001000000000000000000000000
      0000000000000000000000000000000000000000100000000000000000000

   INCOMING TRANSITIONS:
      0000000000000000000000000000000000000000100000000000000000000


0000000000000000000000000000000000000000000000000000000000100 : FSM STATE NOT REACHABLE FROM OUTSIDE.

   OUTGOING TRANSITIONS:
      0000000000000000000000000000000000000000000000000000000001000

   INCOMING TRANSITIONS:
      0000000000000000000000000000000000000000000000000000000000010
      0000000000000000000000000000000000000000000000000000000001000


0000000000000000000000000000000000000000000000000000000001000 : FSM STATE NOT REACHABLE FROM OUTSIDE.

   OUTGOING TRANSITIONS:
      0000000000000000000000000000000000000000000000000000000010000
      0000000000000000000000000000000000000000000000000000000000100

   INCOMING TRANSITIONS:
      0000000000000000000000000000000000000000000000000000000000100


0000000000000000000000001000000000000000000000000000000000000 : FSM STATE NOT REACHABLE FROM OUTSIDE.

   OUTGOING TRANSITIONS:
      0000000000000000000000010000000000000000000000000000000000000

   INCOMING TRANSITIONS:
      0000000000000000000000000100000000000000000000000000000000000


0000000000000000000000010000000000000000000000000000000000000 : FSM STATE NOT REACHABLE FROM OUTSIDE.

   OUTGOING TRANSITIONS:
      0000000000000000000000100000000000000000000000000000000000000

   INCOMING TRANSITIONS:
      0000000000000000000000001000000000000000000000000000000000000


0000000000000000000000000000000010000000000000000000000000000 : FSM STATE NOT REACHABLE FROM OUTSIDE.

   OUTGOING TRANSITIONS:
      0000000000000000000000000000010000000000000000000000000000000
      0000000000000000000000000000000001000000000000000000000000000

   INCOMING TRANSITIONS:
      0000000000000000000000000000000001000000000000000000000000000


0000000000000000000000000000000100000000000000000000000000000 : FSM STATE NOT REACHABLE FROM OUTSIDE.

   OUTGOING TRANSITIONS:
      0000000000000000000000000000001000000000000000000000000000000

   INCOMING TRANSITIONS:
      0000000000000000000000000000000000100000000000000000000000000
      0000000000000000000000000000001000000000000000000000000000000


0000000000000000000000000010000000000000000000000000000000000 : FSM STATE NOT REACHABLE FROM OUTSIDE.

   OUTGOING TRANSITIONS:
      0000000000000000000000000100000000000000000000000000000000000

   INCOMING TRANSITIONS:
      0000000000000000000000000001000000000000000000000000000000000


0000000000000000000000000100000000000000000000000000000000000 : FSM STATE NOT REACHABLE FROM OUTSIDE.

   OUTGOING TRANSITIONS:
      0000000000000000000000001000000000000000000000000000000000000

   INCOMING TRANSITIONS:
      0000000000000000000000000010000000000000000000000000000000000


0000000000000000000000000000100000000000000000000000000000000 : FSM STATE NOT REACHABLE FROM OUTSIDE.

   OUTGOING TRANSITIONS:
      0000000000000000000000000001000000000000000000000000000000000
      0000000000000000000000000000010000000000000000000000000000000

   INCOMING TRANSITIONS:
      0000000000000000000000000000010000000000000000000000000000000


0000000000000000000000000001000000000000000000000000000000000 : FSM STATE NOT REACHABLE FROM OUTSIDE.

   OUTGOING TRANSITIONS:
      0000000000000000000000000010000000000000000000000000000000000

   INCOMING TRANSITIONS:
      0000000000000000000000000000100000000000000000000000000000000
      0010000000000000000000000000000000000000000000000000000000000


