-- Catapult University Version: Report                                              
-- ---------------------------- ---------------------------------------------------
-- Version:                     2011a.200 Production Release                        
-- Build Date:                  Mon Jun  2 22:10:04 PDT 2014                        
                                                                                    
-- Generated by:                xph3sle512@cimeld21                                 
-- Generated date:              Wed Feb 01 14:05:19 CET 2017                        

Solution Settings: Main_Only_Comp_Decomp::Main_Fonction.v1
  Current state: schedule
  Project: Catapult
  
  Design Input Files Specified
    $PROJECT_HOME/../Rendu/src/CPP_for_Catapult/comp_decomp_noW/model.h
      $PROJECT_HOME/../Rendu/src/CPP_for_Catapult/comp_decomp_noW/globals.h
      /softslin/catapult2011a_200_12/Mgc_home/shared/include/ac_int.h
    $PROJECT_HOME/../Rendu/src/CPP_for_Catapult/comp_decomp_noW/Exchange.h
      /softslin/catapult2011a_200_12/Mgc_home/shared/include/ac_int.h
      $PROJECT_HOME/../Rendu/src/CPP_for_Catapult/comp_decomp_noW/globals.h
    $PROJECT_HOME/../Rendu/src/CPP_for_Catapult/comp_decomp_noW/Main_Decomp.cpp
      $PROJECT_HOME/../Rendu/src/CPP_for_Catapult/comp_decomp_noW/Main_Decomp.h
        /softslin/catapult2011a_200_12/Mgc_home/shared/include/ac_int.h
        $PROJECT_HOME/../Rendu/src/CPP_for_Catapult/comp_decomp_noW/model.h
          $PROJECT_HOME/../Rendu/src/CPP_for_Catapult/comp_decomp_noW/globals.h
        $PROJECT_HOME/../Rendu/src/CPP_for_Catapult/comp_decomp_noW/Decompressor.h
          $PROJECT_HOME/../Rendu/src/CPP_for_Catapult/comp_decomp_noW/Exchange.h
    $PROJECT_HOME/../Rendu/src/CPP_for_Catapult/comp_decomp_noW/Exchange.cpp
      $PROJECT_HOME/../Rendu/src/CPP_for_Catapult/comp_decomp_noW/Exchange.h
        /softslin/catapult2011a_200_12/Mgc_home/shared/include/ac_int.h
        $PROJECT_HOME/../Rendu/src/CPP_for_Catapult/comp_decomp_noW/globals.h
    $PROJECT_HOME/../Rendu/src/CPP_for_Catapult/comp_decomp_noW/model.cpp
      $PROJECT_HOME/../Rendu/src/CPP_for_Catapult/comp_decomp_noW/model.h
        $PROJECT_HOME/../Rendu/src/CPP_for_Catapult/comp_decomp_noW/globals.h
        /softslin/catapult2011a_200_12/Mgc_home/shared/include/ac_int.h
    $PROJECT_HOME/../Rendu/src/CPP_for_Catapult/comp_decomp_noW/Compressor.h
      $PROJECT_HOME/../Rendu/src/CPP_for_Catapult/comp_decomp_noW/model.h
        $PROJECT_HOME/../Rendu/src/CPP_for_Catapult/comp_decomp_noW/globals.h
        /softslin/catapult2011a_200_12/Mgc_home/shared/include/ac_int.h
      $PROJECT_HOME/../Rendu/src/CPP_for_Catapult/comp_decomp_noW/Exchange.h
    $PROJECT_HOME/../Rendu/src/CPP_for_Catapult/comp_decomp_noW/Main_Cod_Entropique.h
      /softslin/catapult2011a_200_12/Mgc_home/shared/include/ac_int.h
      $PROJECT_HOME/../Rendu/src/CPP_for_Catapult/comp_decomp_noW/model.h
        $PROJECT_HOME/../Rendu/src/CPP_for_Catapult/comp_decomp_noW/globals.h
      $PROJECT_HOME/../Rendu/src/CPP_for_Catapult/comp_decomp_noW/Compressor.h
        $PROJECT_HOME/../Rendu/src/CPP_for_Catapult/comp_decomp_noW/Exchange.h
    $PROJECT_HOME/../Rendu/src/CPP_for_Catapult/comp_decomp_noW/Main_Only_Comp_Decomp.h
      $PROJECT_HOME/../Rendu/src/CPP_for_Catapult/comp_decomp_noW/Main_Cod_Entropique.h
        /softslin/catapult2011a_200_12/Mgc_home/shared/include/ac_int.h
        $PROJECT_HOME/../Rendu/src/CPP_for_Catapult/comp_decomp_noW/model.h
          $PROJECT_HOME/../Rendu/src/CPP_for_Catapult/comp_decomp_noW/globals.h
        $PROJECT_HOME/../Rendu/src/CPP_for_Catapult/comp_decomp_noW/Compressor.h
          $PROJECT_HOME/../Rendu/src/CPP_for_Catapult/comp_decomp_noW/Exchange.h
      $PROJECT_HOME/../Rendu/src/CPP_for_Catapult/comp_decomp_noW/Main_Decomp.h
        $PROJECT_HOME/../Rendu/src/CPP_for_Catapult/comp_decomp_noW/Decompressor.h
    $PROJECT_HOME/../Rendu/src/CPP_for_Catapult/comp_decomp_noW/Decompressor.cpp
      $PROJECT_HOME/../Rendu/src/CPP_for_Catapult/comp_decomp_noW/Decompressor.h
        $PROJECT_HOME/../Rendu/src/CPP_for_Catapult/comp_decomp_noW/Exchange.h
          /softslin/catapult2011a_200_12/Mgc_home/shared/include/ac_int.h
          $PROJECT_HOME/../Rendu/src/CPP_for_Catapult/comp_decomp_noW/globals.h
        $PROJECT_HOME/../Rendu/src/CPP_for_Catapult/comp_decomp_noW/model.h
    $PROJECT_HOME/../Rendu/src/CPP_for_Catapult/comp_decomp_noW/Main_Cod_Entropique.cpp
      $PROJECT_HOME/../Rendu/src/CPP_for_Catapult/comp_decomp_noW/Main_Cod_Entropique.h
        /softslin/catapult2011a_200_12/Mgc_home/shared/include/ac_int.h
        $PROJECT_HOME/../Rendu/src/CPP_for_Catapult/comp_decomp_noW/model.h
          $PROJECT_HOME/../Rendu/src/CPP_for_Catapult/comp_decomp_noW/globals.h
        $PROJECT_HOME/../Rendu/src/CPP_for_Catapult/comp_decomp_noW/Compressor.h
          $PROJECT_HOME/../Rendu/src/CPP_for_Catapult/comp_decomp_noW/Exchange.h
    $PROJECT_HOME/../Rendu/src/CPP_for_Catapult/comp_decomp_noW/Decompressor.h
      $PROJECT_HOME/../Rendu/src/CPP_for_Catapult/comp_decomp_noW/Exchange.h
        /softslin/catapult2011a_200_12/Mgc_home/shared/include/ac_int.h
        $PROJECT_HOME/../Rendu/src/CPP_for_Catapult/comp_decomp_noW/globals.h
      $PROJECT_HOME/../Rendu/src/CPP_for_Catapult/comp_decomp_noW/model.h
    $PROJECT_HOME/../Rendu/src/CPP_for_Catapult/comp_decomp_noW/Main_Only_Comp_Decomp.cpp
      $PROJECT_HOME/../Rendu/src/CPP_for_Catapult/comp_decomp_noW/Main_Only_Comp_Decomp.h
        $PROJECT_HOME/../Rendu/src/CPP_for_Catapult/comp_decomp_noW/Main_Cod_Entropique.h
          /softslin/catapult2011a_200_12/Mgc_home/shared/include/ac_int.h
          $PROJECT_HOME/../Rendu/src/CPP_for_Catapult/comp_decomp_noW/model.h
            $PROJECT_HOME/../Rendu/src/CPP_for_Catapult/comp_decomp_noW/globals.h
          $PROJECT_HOME/../Rendu/src/CPP_for_Catapult/comp_decomp_noW/Compressor.h
            $PROJECT_HOME/../Rendu/src/CPP_for_Catapult/comp_decomp_noW/Exchange.h
        $PROJECT_HOME/../Rendu/src/CPP_for_Catapult/comp_decomp_noW/Main_Decomp.h
          $PROJECT_HOME/../Rendu/src/CPP_for_Catapult/comp_decomp_noW/Decompressor.h
    $PROJECT_HOME/../Rendu/src/CPP_for_Catapult/comp_decomp_noW/globals.h
    $PROJECT_HOME/../Rendu/src/CPP_for_Catapult/comp_decomp_noW/Compressor.cpp
      $PROJECT_HOME/../Rendu/src/CPP_for_Catapult/comp_decomp_noW/Compressor.h
        $PROJECT_HOME/../Rendu/src/CPP_for_Catapult/comp_decomp_noW/model.h
          $PROJECT_HOME/../Rendu/src/CPP_for_Catapult/comp_decomp_noW/globals.h
          /softslin/catapult2011a_200_12/Mgc_home/shared/include/ac_int.h
        $PROJECT_HOME/../Rendu/src/CPP_for_Catapult/comp_decomp_noW/Exchange.h
    $PROJECT_HOME/../Rendu/src/CPP_for_Catapult/comp_decomp_noW/Main_Decomp.h
      /softslin/catapult2011a_200_12/Mgc_home/shared/include/ac_int.h
      $PROJECT_HOME/../Rendu/src/CPP_for_Catapult/comp_decomp_noW/model.h
        $PROJECT_HOME/../Rendu/src/CPP_for_Catapult/comp_decomp_noW/globals.h
      $PROJECT_HOME/../Rendu/src/CPP_for_Catapult/comp_decomp_noW/Decompressor.h
        $PROJECT_HOME/../Rendu/src/CPP_for_Catapult/comp_decomp_noW/Exchange.h
  
  Processes/Blocks in Design
    Process                                    Real Operation(s) count Latency Throughput Reset Length II Comments 
    ------------------------------------------ ----------------------- ------- ---------- ------------ -- --------
    /Main_Only_Comp_Decomp::Main_Fonction/core                     352 1615673    1616193            0  0          
    Design Total:                                                  352 1615673    1616193            0  0          
    
  Clock Information
    Clock Signal Edge   Period Sharing Alloc (%) Uncertainty Used by Processes/Blocks                   
    ------------ ------ ------ ----------------- ----------- ------------------------------------------
    clk          rising 41.667             20.00    0.000000 /Main_Only_Comp_Decomp::Main_Fonction/core 
    
  I/O Data Ranges
    Port                                                  Mode DeclType DeclWidth DeclRange ActType ActWidth ActRange 
    ----------------------------------------------------- ---- -------- --------- --------- ------- -------- --------
    start                                                 IN   Unsigned         1                                     
    clk                                                   IN   Unsigned         1                                     
    rst                                                   IN   Unsigned         1                                     
    Src:rsc:singleport.data_out                           IN   Unsigned         8                                     
    Comp:rsc:singleport.data_out                          IN   Unsigned         8                                     
    Vga:rsc:singleport.data_out                           IN   Unsigned         8                                     
    done                                                  OUT  Unsigned         1                                     
    Main_Only_Comp_Decomp::Main_Fonction.return:rsc.z     OUT  Unsigned        32                                     
    nblevels.triosy.lz                                    OUT  Unsigned         1                                     
    Src.triosy.lz                                         OUT  Unsigned         1                                     
    Comp.triosy.lz                                        OUT  Unsigned         1                                     
    Vga.triosy.lz                                         OUT  Unsigned         1                                     
    Main_Only_Comp_Decomp::Main_Fonction.return.triosy.lz OUT  Unsigned         1                                     
    Src:rsc:singleport.data_in                            OUT  Unsigned         8                                     
    Src:rsc:singleport.addr                               OUT  Unsigned        17                                     
    Src:rsc:singleport.re                                 OUT  Unsigned         1                                     
    Src:rsc:singleport.we                                 OUT  Unsigned         1                                     
    Comp:rsc:singleport.data_in                           OUT  Unsigned         8                                     
    Comp:rsc:singleport.addr                              OUT  Unsigned        17                                     
    Comp:rsc:singleport.re                                OUT  Unsigned         1                                     
    Comp:rsc:singleport.we                                OUT  Unsigned         1                                     
    Vga:rsc:singleport.data_in                            OUT  Unsigned         8                                     
    Vga:rsc:singleport.addr                               OUT  Unsigned        17                                     
    Vga:rsc:singleport.re                                 OUT  Unsigned         1                                     
    Vga:rsc:singleport.we                                 OUT  Unsigned         1                                     
    
  Memory Resources
    Resource Name: /Main_Only_Comp_Decomp::Main_Fonction/Src:rsc
      Memory Component: singleport                   Size:         76800 x 8
      External:         true                         Packing Mode: absolute
      Memory Map:
      Variable                                  Indices Phys Memory Address         
      ----------------------------------------- ------- ---------------------------
      /Main_Only_Comp_Decomp::Main_Fonction/Src     0:7 00012bff-00000000 (76799-0) 
      
    Resource Name: /Main_Only_Comp_Decomp::Main_Fonction/Comp:rsc
      Memory Component: singleport                   Size:         76800 x 8
      External:         true                         Packing Mode: absolute
      Memory Map:
      Variable                                   Indices Phys Memory Address         
      ------------------------------------------ ------- ---------------------------
      /Main_Only_Comp_Decomp::Main_Fonction/Comp     0:7 00012bff-00000000 (76799-0) 
      
    Resource Name: /Main_Only_Comp_Decomp::Main_Fonction/Vga:rsc
      Memory Component: singleport                   Size:         76800 x 8
      External:         true                         Packing Mode: absolute
      Memory Map:
      Variable                                  Indices Phys Memory Address         
      ----------------------------------------- ------- ---------------------------
      /Main_Only_Comp_Decomp::Main_Fonction/Vga     0:7 00012bff-00000000 (76799-0) 
      
    Resource Name: /Main_Only_Comp_Decomp::Main_Fonction/nblevels:rsc
      Memory Component: mgc_in_wire                  Size:         1 x 4
      External:         true                         Packing Mode: sidebyside
      Memory Map:
      Variable                                       Indices Phys Memory Address     
      ---------------------------------------------- ------- -----------------------
      /Main_Only_Comp_Decomp::Main_Fonction/nblevels     0:3 00000000-00000000 (0-0) 
      
    Resource Name: /Main_Only_Comp_Decomp::Main_Fonction/Main_Only_Comp_Decomp::Main_Fonction.return:rsc
      Memory Component: mgc_out_stdreg               Size:         1 x 32
      External:         true                         Packing Mode: sidebyside
      Memory Map:
      Variable                                                                          Indices Phys Memory Address     
      --------------------------------------------------------------------------------- ------- -----------------------
      /Main_Only_Comp_Decomp::Main_Fonction/Main_Only_Comp_Decomp::Main_Fonction.return    0:31 00000000-00000000 (0-0) 
      
    Resource Name: /Main_Only_Comp_Decomp::Main_Fonction/core/cod_entropique.Mn_Fonction:cmodel.cumulative_frequency:rsc
      Memory Component: singleport                   Size:         258 x 32
      External:         false                        Packing Mode: absolute
      Memory Map:
      Variable                                                                                          Indices Phys Memory Address       
      ------------------------------------------------------------------------------------------------- ------- -------------------------
      /Main_Only_Comp_Decomp::Main_Fonction/core/cod_entropique.Mn_Fonction:cmodel.cumulative_frequency    0:31 00000101-00000000 (257-0) 
      
    Resource Name: /Main_Only_Comp_Decomp::Main_Fonction/core/main_decomp.Mn_Fonction:cmodel.cumulative_frequency:rsc
      Memory Component: singleport                   Size:         258 x 32
      External:         false                        Packing Mode: absolute
      Memory Map:
      Variable                                                                                       Indices Phys Memory Address       
      ---------------------------------------------------------------------------------------------- ------- -------------------------
      /Main_Only_Comp_Decomp::Main_Fonction/core/main_decomp.Mn_Fonction:cmodel.cumulative_frequency    0:31 00000101-00000000 (257-0) 
      
  Multi-Cycle (Combinational) Component Usage
    Instance Component Name Delay 
    -------- -------------- -----
    
  Loops
    Process                                    Loop                                                          Iterations C-Steps Total Cycles   Duration  Unroll Init Comments 
    ------------------------------------------ ------------------------------------------------------------- ---------- ------- ------------- ---------- ------ ---- --------
    /Main_Only_Comp_Decomp::Main_Fonction/core main                                                            Infinite       6      1616193   67.34 ms                       
    /Main_Only_Comp_Decomp::Main_Fonction/core  cod_entropique.Mn_Fonction:cmodel.cumulative_frequency:vinit        258       2          516   21.50 us                       
    /Main_Only_Comp_Decomp::Main_Fonction/core  comp.compress:for                                                 76801      11      1612821   67.20 ms                       
    /Main_Only_Comp_Decomp::Main_Fonction/core   ModelA::update:for                                                   ?       3            3  125.00 ns                       
    /Main_Only_Comp_Decomp::Main_Fonction/core   comp.compress:for:for                                                ?       3            7  291.67 ns                       
    /Main_Only_Comp_Decomp::Main_Fonction/core    comp.put_bit_plus_pending:for                                       ?       2            2   83.33 ns                       
    /Main_Only_Comp_Decomp::Main_Fonction/core    comp.put_bit_plus_pending#1:for                                     ?       2            2   83.33 ns                       
    /Main_Only_Comp_Decomp::Main_Fonction/core  comp.put_bit_plus_pending#2:for                                       ?       2            2   83.33 ns                       
    /Main_Only_Comp_Decomp::Main_Fonction/core  comp.put_bit_plus_pending#3:for                                       ?       2            2   83.33 ns                       
    /Main_Only_Comp_Decomp::Main_Fonction/core  main_decomp.Mn_Fonction:cmodel.cumulative_frequency:vinit           258       2          516   21.50 us                       
    /Main_Only_Comp_Decomp::Main_Fonction/core  dec.decompress:for#1                                                  ?      15         2330   97.08 us                       
    /Main_Only_Comp_Decomp::Main_Fonction/core   ModelA::getChar:for                                                257       6         2313   96.38 us                       
    /Main_Only_Comp_Decomp::Main_Fonction/core    ModelA::update#1:for                                                ?       3            3  125.00 ns                       
    /Main_Only_Comp_Decomp::Main_Fonction/core   dec.decompress:for#1:for                                             ?       2            2   83.33 ns                       
    
  Loop Execution Profile
    Process                                    Loop                                                          Total Cycles % of Overall Design Cycles Throughput Cycles Comments 
    ------------------------------------------ ------------------------------------------------------------- ------------ -------------------------- ----------------- --------
    /Main_Only_Comp_Decomp::Main_Fonction/core main                                                                    6                        0.00          1616193           
    /Main_Only_Comp_Decomp::Main_Fonction/core  cod_entropique.Mn_Fonction:cmodel.cumulative_frequency:vinit         516                        0.03              516           
    /Main_Only_Comp_Decomp::Main_Fonction/core  comp.compress:for                                                 844811                       52.27          1612821           
    /Main_Only_Comp_Decomp::Main_Fonction/core   ModelA::update:for                                               230403                       14.26           230403           
    /Main_Only_Comp_Decomp::Main_Fonction/core   comp.compress:for:for                                            230403                       14.26           537607           
    /Main_Only_Comp_Decomp::Main_Fonction/core    comp.put_bit_plus_pending:for                                   153602                        9.50           153602           
    /Main_Only_Comp_Decomp::Main_Fonction/core    comp.put_bit_plus_pending#1:for                                 153602                        9.50           153602           
    /Main_Only_Comp_Decomp::Main_Fonction/core  comp.put_bit_plus_pending#2:for                                        2                        0.00                2           
    /Main_Only_Comp_Decomp::Main_Fonction/core  comp.put_bit_plus_pending#3:for                                        2                        0.00                2           
    /Main_Only_Comp_Decomp::Main_Fonction/core  main_decomp.Mn_Fonction:cmodel.cumulative_frequency:vinit            516                        0.03              516           
    /Main_Only_Comp_Decomp::Main_Fonction/core  dec.decompress:for#1                                                  15                        0.00             2330           
    /Main_Only_Comp_Decomp::Main_Fonction/core   ModelA::getChar:for                                                1542                        0.10             2313           
    /Main_Only_Comp_Decomp::Main_Fonction/core    ModelA::update#1:for                                               771                        0.05              771           
    /Main_Only_Comp_Decomp::Main_Fonction/core   dec.decompress:for#1:for                                              2                        0.00                2           
    
  End of Report
