-- Catapult University Version: Report                                              
-- ---------------------------- ---------------------------------------------------
-- Version:                     2011a.200 Production Release                        
-- Build Date:                  Mon Jun  2 22:10:04 PDT 2014                        
                                                                                    
-- Generated by:                xph3sle512@cimeld21                                 
-- Generated date:              Wed Feb 01 17:47:53 CET 2017                        

Solution Settings: Main_Comp_Decomp_Tot::Main_Fonction.v1
  Current state: schedule
  Project: Catapult
  
  Design Input Files Specified
    $PROJECT_HOME/../Rendu/src/CPP_for_Catapult/comp_decomp_tot/Decompressor.h
      $PROJECT_HOME/../Rendu/src/CPP_for_Catapult/comp_decomp_tot/Exchange.h
        /softslin/catapult2011a_200_12/Mgc_home/shared/include/ac_int.h
        $PROJECT_HOME/../Rendu/src/CPP_for_Catapult/comp_decomp_tot/globals.h
      $PROJECT_HOME/../Rendu/src/CPP_for_Catapult/comp_decomp_tot/model.h
    $PROJECT_HOME/../Rendu/src/CPP_for_Catapult/comp_decomp_tot/Main_Trans_Ond.cpp
      $PROJECT_HOME/../Rendu/src/CPP_for_Catapult/comp_decomp_tot/Main_Trans_Ond.h
        /softslin/catapult2011a_200_12/Mgc_home/shared/include/ac_int.h
    $PROJECT_HOME/../Rendu/src/CPP_for_Catapult/comp_decomp_tot/globals.h
    $PROJECT_HOME/../Rendu/src/CPP_for_Catapult/comp_decomp_tot/Compressor.cpp
      $PROJECT_HOME/../Rendu/src/CPP_for_Catapult/comp_decomp_tot/Compressor.h
        $PROJECT_HOME/../Rendu/src/CPP_for_Catapult/comp_decomp_tot/model.h
          $PROJECT_HOME/../Rendu/src/CPP_for_Catapult/comp_decomp_tot/globals.h
          /softslin/catapult2011a_200_12/Mgc_home/shared/include/ac_int.h
        $PROJECT_HOME/../Rendu/src/CPP_for_Catapult/comp_decomp_tot/Exchange.h
    $PROJECT_HOME/../Rendu/src/CPP_for_Catapult/comp_decomp_tot/Main_Inv_Wave.h
      $PROJECT_HOME/../Rendu/src/CPP_for_Catapult/comp_decomp_tot/globals.h
      /softslin/catapult2011a_200_12/Mgc_home/shared/include/ac_int.h
    $PROJECT_HOME/../Rendu/src/CPP_for_Catapult/comp_decomp_tot/Compressor.h
      $PROJECT_HOME/../Rendu/src/CPP_for_Catapult/comp_decomp_tot/model.h
        $PROJECT_HOME/../Rendu/src/CPP_for_Catapult/comp_decomp_tot/globals.h
        /softslin/catapult2011a_200_12/Mgc_home/shared/include/ac_int.h
      $PROJECT_HOME/../Rendu/src/CPP_for_Catapult/comp_decomp_tot/Exchange.h
    $PROJECT_HOME/../Rendu/src/CPP_for_Catapult/comp_decomp_tot/Exchange.h
      /softslin/catapult2011a_200_12/Mgc_home/shared/include/ac_int.h
      $PROJECT_HOME/../Rendu/src/CPP_for_Catapult/comp_decomp_tot/globals.h
    $PROJECT_HOME/../Rendu/src/CPP_for_Catapult/comp_decomp_tot/model.h
      $PROJECT_HOME/../Rendu/src/CPP_for_Catapult/comp_decomp_tot/globals.h
      /softslin/catapult2011a_200_12/Mgc_home/shared/include/ac_int.h
    $PROJECT_HOME/../Rendu/src/CPP_for_Catapult/comp_decomp_tot/Main_Inv_Wave.cpp
      $PROJECT_HOME/../Rendu/src/CPP_for_Catapult/comp_decomp_tot/Main_Inv_Wave.h
        $PROJECT_HOME/../Rendu/src/CPP_for_Catapult/comp_decomp_tot/globals.h
        /softslin/catapult2011a_200_12/Mgc_home/shared/include/ac_int.h
    $PROJECT_HOME/../Rendu/src/CPP_for_Catapult/comp_decomp_tot/Exchange.cpp
      $PROJECT_HOME/../Rendu/src/CPP_for_Catapult/comp_decomp_tot/Exchange.h
        /softslin/catapult2011a_200_12/Mgc_home/shared/include/ac_int.h
        $PROJECT_HOME/../Rendu/src/CPP_for_Catapult/comp_decomp_tot/globals.h
    $PROJECT_HOME/../Rendu/src/CPP_for_Catapult/comp_decomp_tot/model.cpp
      $PROJECT_HOME/../Rendu/src/CPP_for_Catapult/comp_decomp_tot/model.h
        $PROJECT_HOME/../Rendu/src/CPP_for_Catapult/comp_decomp_tot/globals.h
        /softslin/catapult2011a_200_12/Mgc_home/shared/include/ac_int.h
    $PROJECT_HOME/../Rendu/src/CPP_for_Catapult/comp_decomp_tot/Main_Comp_Decomp_Tot.h
      $PROJECT_HOME/../Rendu/src/CPP_for_Catapult/comp_decomp_tot/Compressor.h
        $PROJECT_HOME/../Rendu/src/CPP_for_Catapult/comp_decomp_tot/model.h
          $PROJECT_HOME/../Rendu/src/CPP_for_Catapult/comp_decomp_tot/globals.h
          /softslin/catapult2011a_200_12/Mgc_home/shared/include/ac_int.h
        $PROJECT_HOME/../Rendu/src/CPP_for_Catapult/comp_decomp_tot/Exchange.h
      $PROJECT_HOME/../Rendu/src/CPP_for_Catapult/comp_decomp_tot/Decompressor.h
      $PROJECT_HOME/../Rendu/src/CPP_for_Catapult/comp_decomp_tot/Main_Trans_Ond.h
      $PROJECT_HOME/../Rendu/src/CPP_for_Catapult/comp_decomp_tot/Main_Inv_Wave.h
    $PROJECT_HOME/../Rendu/src/CPP_for_Catapult/comp_decomp_tot/Decompressor.cpp
      $PROJECT_HOME/../Rendu/src/CPP_for_Catapult/comp_decomp_tot/Decompressor.h
        $PROJECT_HOME/../Rendu/src/CPP_for_Catapult/comp_decomp_tot/Exchange.h
          /softslin/catapult2011a_200_12/Mgc_home/shared/include/ac_int.h
          $PROJECT_HOME/../Rendu/src/CPP_for_Catapult/comp_decomp_tot/globals.h
        $PROJECT_HOME/../Rendu/src/CPP_for_Catapult/comp_decomp_tot/model.h
    $PROJECT_HOME/../Rendu/src/CPP_for_Catapult/comp_decomp_tot/Main_Trans_Ond.h
      /softslin/catapult2011a_200_12/Mgc_home/shared/include/ac_int.h
    $PROJECT_HOME/../Rendu/src/CPP_for_Catapult/comp_decomp_tot/Main_Comp_Decomp_Tot.cpp
      $PROJECT_HOME/../Rendu/src/CPP_for_Catapult/comp_decomp_tot/Main_Comp_Decomp_Tot.h
        $PROJECT_HOME/../Rendu/src/CPP_for_Catapult/comp_decomp_tot/Compressor.h
          $PROJECT_HOME/../Rendu/src/CPP_for_Catapult/comp_decomp_tot/model.h
            $PROJECT_HOME/../Rendu/src/CPP_for_Catapult/comp_decomp_tot/globals.h
            /softslin/catapult2011a_200_12/Mgc_home/shared/include/ac_int.h
          $PROJECT_HOME/../Rendu/src/CPP_for_Catapult/comp_decomp_tot/Exchange.h
        $PROJECT_HOME/../Rendu/src/CPP_for_Catapult/comp_decomp_tot/Decompressor.h
        $PROJECT_HOME/../Rendu/src/CPP_for_Catapult/comp_decomp_tot/Main_Trans_Ond.h
        $PROJECT_HOME/../Rendu/src/CPP_for_Catapult/comp_decomp_tot/Main_Inv_Wave.h
  
  Processes/Blocks in Design
    Process                                   Real Operation(s) count Latency Throughput Reset Length II Comments 
    ----------------------------------------- ----------------------- ------- ---------- ------------ -- --------
    /Main_Comp_Decomp_Tot::Main_Fonction/core                     986 4456560    4456562            0  0          
    Design Total:                                                 986 4456560    4456562            0  0          
    
  Clock Information
    Clock Signal Edge   Period Sharing Alloc (%) Uncertainty Used by Processes/Blocks                  
    ------------ ------ ------ ----------------- ----------- -----------------------------------------
    clk          rising 41.667             20.00    0.000000 /Main_Comp_Decomp_Tot::Main_Fonction/core 
    
  I/O Data Ranges
    Port                                                 Mode DeclType DeclWidth DeclRange ActType ActWidth ActRange 
    ---------------------------------------------------- ---- -------- --------- --------- ------- -------- --------
    start                                                IN   Unsigned         1                                     
    nblevels:rsc.z                                       IN   Unsigned         4                                     
    clk                                                  IN   Unsigned         1                                     
    rst                                                  IN   Unsigned         1                                     
    Src:rsc:singleport.data_out                          IN   Unsigned         8                                     
    Comp:rsc:singleport.data_out                         IN   Unsigned         8                                     
    Vga:rsc:singleport.data_out                          IN   Unsigned         8                                     
    done                                                 OUT  Unsigned         1                                     
    Main_Comp_Decomp_Tot::Main_Fonction.return:rsc.z     OUT  Unsigned        32                                     
    nblevels.triosy.lz                                   OUT  Unsigned         1                                     
    Src.triosy.lz                                        OUT  Unsigned         1                                     
    Comp.triosy.lz                                       OUT  Unsigned         1                                     
    Vga.triosy.lz                                        OUT  Unsigned         1                                     
    Main_Comp_Decomp_Tot::Main_Fonction.return.triosy.lz OUT  Unsigned         1                                     
    Src:rsc:singleport.data_in                           OUT  Unsigned         8                                     
    Src:rsc:singleport.addr                              OUT  Unsigned        17                                     
    Src:rsc:singleport.re                                OUT  Unsigned         1                                     
    Src:rsc:singleport.we                                OUT  Unsigned         1                                     
    Comp:rsc:singleport.data_in                          OUT  Unsigned         8                                     
    Comp:rsc:singleport.addr                             OUT  Unsigned        17                                     
    Comp:rsc:singleport.re                               OUT  Unsigned         1                                     
    Comp:rsc:singleport.we                               OUT  Unsigned         1                                     
    Vga:rsc:singleport.data_in                           OUT  Unsigned         8                                     
    Vga:rsc:singleport.addr                              OUT  Unsigned        17                                     
    Vga:rsc:singleport.re                                OUT  Unsigned         1                                     
    Vga:rsc:singleport.we                                OUT  Unsigned         1                                     
    
  Memory Resources
    Resource Name: /Main_Comp_Decomp_Tot::Main_Fonction/Src:rsc
      Memory Component: singleport                   Size:         76800 x 8
      External:         true                         Packing Mode: absolute
      Memory Map:
      Variable                                 Indices Phys Memory Address         
      ---------------------------------------- ------- ---------------------------
      /Main_Comp_Decomp_Tot::Main_Fonction/Src     0:7 00012bff-00000000 (76799-0) 
      
    Resource Name: /Main_Comp_Decomp_Tot::Main_Fonction/Comp:rsc
      Memory Component: singleport                   Size:         76800 x 8
      External:         true                         Packing Mode: absolute
      Memory Map:
      Variable                                  Indices Phys Memory Address         
      ----------------------------------------- ------- ---------------------------
      /Main_Comp_Decomp_Tot::Main_Fonction/Comp     0:7 00012bff-00000000 (76799-0) 
      
    Resource Name: /Main_Comp_Decomp_Tot::Main_Fonction/Vga:rsc
      Memory Component: singleport                   Size:         76800 x 8
      External:         true                         Packing Mode: absolute
      Memory Map:
      Variable                                 Indices Phys Memory Address         
      ---------------------------------------- ------- ---------------------------
      /Main_Comp_Decomp_Tot::Main_Fonction/Vga     0:7 00012bff-00000000 (76799-0) 
      
    Resource Name: /Main_Comp_Decomp_Tot::Main_Fonction/nblevels:rsc
      Memory Component: mgc_in_wire                  Size:         1 x 4
      External:         true                         Packing Mode: sidebyside
      Memory Map:
      Variable                                      Indices Phys Memory Address     
      --------------------------------------------- ------- -----------------------
      /Main_Comp_Decomp_Tot::Main_Fonction/nblevels     0:3 00000000-00000000 (0-0) 
      
    Resource Name: /Main_Comp_Decomp_Tot::Main_Fonction/Main_Comp_Decomp_Tot::Main_Fonction.return:rsc
      Memory Component: mgc_out_stdreg               Size:         1 x 32
      External:         true                         Packing Mode: sidebyside
      Memory Map:
      Variable                                                                        Indices Phys Memory Address     
      ------------------------------------------------------------------------------- ------- -----------------------
      /Main_Comp_Decomp_Tot::Main_Fonction/Main_Comp_Decomp_Tot::Main_Fonction.return    0:31 00000000-00000000 (0-0) 
      
    Resource Name: /Main_Comp_Decomp_Tot::Main_Fonction/core/cmodel.cumulative_frequency:rsc
      Memory Component: singleport                   Size:         258 x 32
      External:         false                        Packing Mode: absolute
      Memory Map:
      Variable                                                              Indices Phys Memory Address       
      --------------------------------------------------------------------- ------- -------------------------
      /Main_Comp_Decomp_Tot::Main_Fonction/core/cmodel.cumulative_frequency    0:31 00000101-00000000 (257-0) 
      
  Multi-Cycle (Combinational) Component Usage
    Instance Component Name Delay 
    -------- -------------- -----
    
  Loops
    Process                                   Loop                               Iterations C-Steps Total Cycles   Duration  Unroll Init Comments 
    ----------------------------------------- ---------------------------------- ---------- ------- ------------- ---------- ------ ---- --------
    /Main_Comp_Decomp_Tot::Main_Fonction/core main                                 Infinite       8      4456562  185.69 ms                       
    /Main_Comp_Decomp_Tot::Main_Fonction/core  cmodel.cumulative_frequency:vinit        258       3       248454   10.35 ms                       
    /Main_Comp_Decomp_Tot::Main_Fonction/core   copy_y                                  320       3          960   40.00 us                       
    /Main_Comp_Decomp_Tot::Main_Fonction/core  levels                                     5       4      2343725   97.66 ms                       
    /Main_Comp_Decomp_Tot::Main_Fonction/core   passe_x                                 128       2       295168   12.30 ms                       
    /Main_Comp_Decomp_Tot::Main_Fonction/core    passe_y                                256       9         2304   96.00 us                       
    /Main_Comp_Decomp_Tot::Main_Fonction/core   passe_x#1                                64       2        73856    3.08 ms                       
    /Main_Comp_Decomp_Tot::Main_Fonction/core    passe_y#1                              128       9         1152   48.00 us                       
    /Main_Comp_Decomp_Tot::Main_Fonction/core   copy_x#1                                129       2        99717    4.15 ms                       
    /Main_Comp_Decomp_Tot::Main_Fonction/core    copy_y#1                               257       3          771   32.13 us                       
    /Main_Comp_Decomp_Tot::Main_Fonction/core  comp.compress:for                      76801      11      1612821   67.20 ms                       
    /Main_Comp_Decomp_Tot::Main_Fonction/core   ModelA::update:for                        ?       3            3  125.00 ns                       
    /Main_Comp_Decomp_Tot::Main_Fonction/core   comp.compress:for:for                     ?       3            7  291.67 ns                       
    /Main_Comp_Decomp_Tot::Main_Fonction/core    comp.put_bit_plus_pending:for            ?       2            2   83.33 ns                       
    /Main_Comp_Decomp_Tot::Main_Fonction/core    comp.put_bit_plus_pending#1:for          ?       2            2   83.33 ns                       
    /Main_Comp_Decomp_Tot::Main_Fonction/core  comp.put_bit_plus_pending#2:for            ?       2            2   83.33 ns                       
    /Main_Comp_Decomp_Tot::Main_Fonction/core  comp.put_bit_plus_pending#3:for            ?       2            2   83.33 ns                       
    /Main_Comp_Decomp_Tot::Main_Fonction/core  copy_x#2                                 258       2       248196   10.34 ms                       
    /Main_Comp_Decomp_Tot::Main_Fonction/core   copy_y#2                                320       3          960   40.00 us                       
    /Main_Comp_Decomp_Tot::Main_Fonction/core  dec.decompress:for                        16       2           32    1.33 us                       
    /Main_Comp_Decomp_Tot::Main_Fonction/core  dec.decompress:for#1                       ?      15         2330   97.08 us                       
    /Main_Comp_Decomp_Tot::Main_Fonction/core   ModelA::getChar:for                     257       6         2313   96.38 us                       
    /Main_Comp_Decomp_Tot::Main_Fonction/core    ModelA::update#1:for                     ?       3            3  125.00 ns                       
    /Main_Comp_Decomp_Tot::Main_Fonction/core   dec.decompress:for#1:for                  ?       2            2   83.33 ns                       
    /Main_Comp_Decomp_Tot::Main_Fonction/core  copy_x#3                                   ?       1          961   40.04 us                       
    /Main_Comp_Decomp_Tot::Main_Fonction/core   copy_y#3                                320       3          960   40.00 us                       
    /Main_Comp_Decomp_Tot::Main_Fonction/core  inv_wave.Mn_Inv_Wave_Fct:for#1             ?       4           31    1.29 us                       
    /Main_Comp_Decomp_Tot::Main_Fonction/core   hsplit_x                                  ?       2           11  458.33 ns                       
    /Main_Comp_Decomp_Tot::Main_Fonction/core    hsplit_y                                 ?       9            9  375.00 ns                       
    /Main_Comp_Decomp_Tot::Main_Fonction/core   hsplit_x#1                                ?       2           11  458.33 ns                       
    /Main_Comp_Decomp_Tot::Main_Fonction/core    hsplit_y#1                               ?       9            9  375.00 ns                       
    /Main_Comp_Decomp_Tot::Main_Fonction/core   copy_x#4                                  ?       2            5  208.33 ns                       
    /Main_Comp_Decomp_Tot::Main_Fonction/core    copy_y#4                                 ?       3            3  125.00 ns                       
    
  Loop Execution Profile
    Process                                   Loop                               Total Cycles % of Overall Design Cycles Throughput Cycles Comments 
    ----------------------------------------- ---------------------------------- ------------ -------------------------- ----------------- --------
    /Main_Comp_Decomp_Tot::Main_Fonction/core main                                         8                        0.00          4456562           
    /Main_Comp_Decomp_Tot::Main_Fonction/core  cmodel.cumulative_frequency:vinit         774                        0.02           248454           
    /Main_Comp_Decomp_Tot::Main_Fonction/core   copy_y                                247680                        5.56           247680           
    /Main_Comp_Decomp_Tot::Main_Fonction/core  levels                                     20                        0.00          2343725           
    /Main_Comp_Decomp_Tot::Main_Fonction/core   passe_x                                 1280                        0.03          1475840           
    /Main_Comp_Decomp_Tot::Main_Fonction/core    passe_y                             1474560                       33.09          1474560           
    /Main_Comp_Decomp_Tot::Main_Fonction/core   passe_x#1                                640                        0.01           369280           
    /Main_Comp_Decomp_Tot::Main_Fonction/core    passe_y#1                            368640                        8.27           368640           
    /Main_Comp_Decomp_Tot::Main_Fonction/core   copy_x#1                                1290                        0.03           498585           
    /Main_Comp_Decomp_Tot::Main_Fonction/core    copy_y#1                             497295                       11.16           497295           
    /Main_Comp_Decomp_Tot::Main_Fonction/core  comp.compress:for                      844811                       18.96          1612821           
    /Main_Comp_Decomp_Tot::Main_Fonction/core   ModelA::update:for                    230403                        5.17           230403           
    /Main_Comp_Decomp_Tot::Main_Fonction/core   comp.compress:for:for                 230403                        5.17           537607           
    /Main_Comp_Decomp_Tot::Main_Fonction/core    comp.put_bit_plus_pending:for        153602                        3.45           153602           
    /Main_Comp_Decomp_Tot::Main_Fonction/core    comp.put_bit_plus_pending#1:for      153602                        3.45           153602           
    /Main_Comp_Decomp_Tot::Main_Fonction/core  comp.put_bit_plus_pending#2:for             2                        0.00                2           
    /Main_Comp_Decomp_Tot::Main_Fonction/core  comp.put_bit_plus_pending#3:for             2                        0.00                2           
    /Main_Comp_Decomp_Tot::Main_Fonction/core  copy_x#2                                  516                        0.01           248196           
    /Main_Comp_Decomp_Tot::Main_Fonction/core   copy_y#2                              247680                        5.56           247680           
    /Main_Comp_Decomp_Tot::Main_Fonction/core  dec.decompress:for                         32                        0.00               32           
    /Main_Comp_Decomp_Tot::Main_Fonction/core  dec.decompress:for#1                       15                        0.00             2330           
    /Main_Comp_Decomp_Tot::Main_Fonction/core   ModelA::getChar:for                     1542                        0.03             2313           
    /Main_Comp_Decomp_Tot::Main_Fonction/core    ModelA::update#1:for                    771                        0.02              771           
    /Main_Comp_Decomp_Tot::Main_Fonction/core   dec.decompress:for#1:for                   2                        0.00                2           
    /Main_Comp_Decomp_Tot::Main_Fonction/core  copy_x#3                                    1                        0.00              961           
    /Main_Comp_Decomp_Tot::Main_Fonction/core   copy_y#3                                 960                        0.02              960           
    /Main_Comp_Decomp_Tot::Main_Fonction/core  inv_wave.Mn_Inv_Wave_Fct:for#1              4                        0.00               31           
    /Main_Comp_Decomp_Tot::Main_Fonction/core   hsplit_x                                   2                        0.00               11           
    /Main_Comp_Decomp_Tot::Main_Fonction/core    hsplit_y                                  9                        0.00                9           
    /Main_Comp_Decomp_Tot::Main_Fonction/core   hsplit_x#1                                 2                        0.00               11           
    /Main_Comp_Decomp_Tot::Main_Fonction/core    hsplit_y#1                                9                        0.00                9           
    /Main_Comp_Decomp_Tot::Main_Fonction/core   copy_x#4                                   2                        0.00                5           
    /Main_Comp_Decomp_Tot::Main_Fonction/core    copy_y#4                                  3                        0.00                3           
    
  End of Report
